2023-08-06 20:59:29.566 [info] Log level: Info
2023-08-06 20:59:29.566 [info] Validating found git in: "git"
2023-08-06 20:59:29.566 [info] Using git "2.34.1" from "git"
2023-08-06 20:59:29.566 [info] > git rev-parse --show-toplevel [8ms]
2023-08-06 20:59:29.566 [info] fatal: not a git repository (or any of the parent directories): .git
2023-08-06 20:59:29.566 [info] > git rev-parse --show-toplevel [2ms]
2023-08-06 20:59:29.566 [info] fatal: not a git repository (or any of the parent directories): .git
2023-08-06 20:59:29.566 [info] > git rev-parse --show-toplevel [5ms]
2023-08-06 20:59:29.566 [info] fatal: not a git repository (or any of the parent directories): .git
2023-08-06 20:59:29.566 [info] > git rev-parse --show-toplevel [4ms]
2023-08-06 20:59:29.566 [info] fatal: not a git repository (or any of the parent directories): .git
2023-08-06 21:10:06.199 [info] > git rev-parse --show-toplevel [4ms]
2023-08-06 21:10:06.215 [info] > git rev-parse --git-dir --git-common-dir [4ms]
2023-08-06 21:10:06.244 [info] Open repository: /home/wesleyl
2023-08-06 21:10:06.261 [info] No remotes found in the git config file.
2023-08-06 21:10:06.262 [info] > git config --get commit.template [9ms]
2023-08-06 21:10:06.262 [info] > git for-each-ref --format=%(refname)%00%(upstream:short)%00%(objectname)%00%(upstream:track)%00%(upstream:remotename)%00%(upstream:remoteref) refs/heads/master refs/remotes/master [3ms]
2023-08-06 21:10:06.438 [info] > git status -z -uall [169ms]
2023-08-06 21:10:06.490 [info] No remotes found in the git config file.
2023-08-06 21:10:06.491 [info] > git config --get commit.template [5ms]
2023-08-06 21:10:06.491 [info] > git for-each-ref --format=%(refname)%00%(upstream:short)%00%(objectname)%00%(upstream:track)%00%(upstream:remotename)%00%(upstream:remoteref) refs/heads/master refs/remotes/master [2ms]
2023-08-06 21:10:06.514 [info] > git status -z -uall [18ms]
2023-08-06 21:10:06.869 [info] > git check-ignore -v -z --stdin [6ms]
2023-08-06 21:10:10.277 [info] No remotes found in the git config file.
2023-08-06 21:10:10.279 [info] > git config --get commit.template [11ms]
2023-08-06 21:10:10.280 [info] > git for-each-ref --format=%(refname)%00%(upstream:short)%00%(objectname)%00%(upstream:track)%00%(upstream:remotename)%00%(upstream:remoteref) refs/heads/master refs/remotes/master [4ms]
2023-08-06 21:10:10.297 [info] > git status -z -uall [12ms]
2023-08-06 21:10:15.331 [info] > git config --get commit.template [1ms]
2023-08-06 21:10:15.335 [info] No remotes found in the git config file.
2023-08-06 21:10:15.336 [info] > git for-each-ref --format=%(refname)%00%(upstream:short)%00%(objectname)%00%(upstream:track)%00%(upstream:remotename)%00%(upstream:remoteref) refs/heads/master refs/remotes/master [1ms]
2023-08-06 21:10:15.352 [info] > git status -z -uall [12ms]
2023-08-06 21:10:20.402 [info] No remotes found in the git config file.
2023-08-06 21:10:20.404 [info] > git config --get commit.template [14ms]
2023-08-06 21:10:20.405 [info] > git for-each-ref --format=%(refname)%00%(upstream:short)%00%(objectname)%00%(upstream:track)%00%(upstream:remotename)%00%(upstream:remoteref) refs/heads/master refs/remotes/master [4ms]
2023-08-06 21:10:20.430 [info] > git status -z -uall [18ms]
2023-08-06 21:10:25.483 [info] > git config --get commit.template [4ms]
2023-08-06 21:10:25.495 [info] No remotes found in the git config file.
2023-08-06 21:10:25.497 [info] > git for-each-ref --format=%(refname)%00%(upstream:short)%00%(objectname)%00%(upstream:track)%00%(upstream:remotename)%00%(upstream:remoteref) refs/heads/master refs/remotes/master [2ms]
2023-08-06 21:10:25.524 [info] > git status -z -uall [20ms]
2023-08-06 21:10:30.572 [info] > git config --get commit.template [12ms]
2023-08-06 21:10:30.573 [info] No remotes found in the git config file.
2023-08-06 21:10:30.577 [info] > git for-each-ref --format=%(refname)%00%(upstream:short)%00%(objectname)%00%(upstream:track)%00%(upstream:remotename)%00%(upstream:remoteref) refs/heads/master refs/remotes/master [7ms]
2023-08-06 21:10:30.603 [info] > git status -z -uall [15ms]
2023-08-06 21:10:35.665 [info] No remotes found in the git config file.
2023-08-06 21:10:35.667 [info] > git config --get commit.template [15ms]
2023-08-06 21:10:35.667 [info] > git for-each-ref --format=%(refname)%00%(upstream:short)%00%(objectname)%00%(upstream:track)%00%(upstream:remotename)%00%(upstream:remoteref) refs/heads/master refs/remotes/master [3ms]
2023-08-06 21:10:35.697 [info] > git status -z -uall [22ms]
2023-08-06 21:10:40.727 [info] > git config --get commit.template [2ms]
2023-08-06 21:10:40.735 [info] No remotes found in the git config file.
2023-08-06 21:10:40.736 [info] > git for-each-ref --format=%(refname)%00%(upstream:short)%00%(objectname)%00%(upstream:track)%00%(upstream:remotename)%00%(upstream:remoteref) refs/heads/master refs/remotes/master [2ms]
2023-08-06 21:10:40.757 [info] > git status -z -uall [14ms]
2023-08-06 21:10:45.167 [info] > git check-ignore -v -z --stdin [1ms]
2023-08-06 21:10:45.816 [info] No remotes found in the git config file.
2023-08-06 21:10:45.819 [info] > git config --get commit.template [18ms]
2023-08-06 21:10:45.819 [info] > git for-each-ref --format=%(refname)%00%(upstream:short)%00%(objectname)%00%(upstream:track)%00%(upstream:remotename)%00%(upstream:remoteref) refs/heads/master refs/remotes/master [4ms]
2023-08-06 21:10:45.853 [info] > git status -z -uall [24ms]
2023-08-06 21:10:50.904 [info] No remotes found in the git config file.
2023-08-06 21:10:50.907 [info] > git config --get commit.template [15ms]
2023-08-06 21:10:50.907 [info] > git for-each-ref --format=%(refname)%00%(upstream:short)%00%(objectname)%00%(upstream:track)%00%(upstream:remotename)%00%(upstream:remoteref) refs/heads/master refs/remotes/master [3ms]
2023-08-06 21:10:50.930 [info] > git status -z -uall [13ms]
2023-08-06 21:10:55.991 [info] > git config --get commit.template [15ms]
2023-08-06 21:10:55.992 [info] No remotes found in the git config file.
2023-08-06 21:10:55.993 [info] > git for-each-ref --format=%(refname)%00%(upstream:short)%00%(objectname)%00%(upstream:track)%00%(upstream:remotename)%00%(upstream:remoteref) refs/heads/master refs/remotes/master [3ms]
2023-08-06 21:10:56.025 [info] > git status -z -uall [24ms]
2023-08-06 21:11:01.071 [info] > git config --get commit.template [3ms]
2023-08-06 21:11:01.079 [info] No remotes found in the git config file.
2023-08-06 21:11:01.081 [info] > git for-each-ref --format=%(refname)%00%(upstream:short)%00%(objectname)%00%(upstream:track)%00%(upstream:remotename)%00%(upstream:remoteref) refs/heads/master refs/remotes/master [3ms]
2023-08-06 21:11:01.105 [info] > git status -z -uall [18ms]
2023-08-06 21:11:16.701 [info] > git config --get commit.template [2ms]
2023-08-06 21:11:16.710 [info] No remotes found in the git config file.
2023-08-06 21:11:16.713 [info] > git for-each-ref --format=%(refname)%00%(upstream:short)%00%(objectname)%00%(upstream:track)%00%(upstream:remotename)%00%(upstream:remoteref) refs/heads/master refs/remotes/master [4ms]
2023-08-06 21:11:16.745 [info] > git status -z -uall [23ms]
2023-08-06 21:11:21.812 [info] No remotes found in the git config file.
2023-08-06 21:11:21.814 [info] > git config --get commit.template [17ms]
2023-08-06 21:11:21.815 [info] > git for-each-ref --format=%(refname)%00%(upstream:short)%00%(objectname)%00%(upstream:track)%00%(upstream:remotename)%00%(upstream:remoteref) refs/heads/master refs/remotes/master [4ms]
2023-08-06 21:11:21.847 [info] > git status -z -uall [23ms]
2023-08-06 21:11:27.484 [info] No remotes found in the git config file.
2023-08-06 21:11:27.485 [info] > git config --get commit.template [8ms]
2023-08-06 21:11:27.486 [info] > git for-each-ref --format=%(refname)%00%(upstream:short)%00%(objectname)%00%(upstream:track)%00%(upstream:remotename)%00%(upstream:remoteref) refs/heads/master refs/remotes/master [1ms]
2023-08-06 21:11:27.508 [info] > git status -z -uall [15ms]
2023-08-06 21:11:32.530 [info] No remotes found in the git config file.
2023-08-06 21:11:32.531 [info] > git config --get commit.template [6ms]
2023-08-06 21:11:32.531 [info] > git for-each-ref --format=%(refname)%00%(upstream:short)%00%(objectname)%00%(upstream:track)%00%(upstream:remotename)%00%(upstream:remoteref) refs/heads/master refs/remotes/master [1ms]
2023-08-06 21:11:32.546 [info] > git status -z -uall [11ms]
2023-08-06 21:11:37.554 [info] > git config --get commit.template [1ms]
2023-08-06 21:11:37.559 [info] No remotes found in the git config file.
2023-08-06 21:11:37.560 [info] > git for-each-ref --format=%(refname)%00%(upstream:short)%00%(objectname)%00%(upstream:track)%00%(upstream:remotename)%00%(upstream:remoteref) refs/heads/master refs/remotes/master [2ms]
2023-08-06 21:11:37.577 [info] > git status -z -uall [12ms]
2023-08-06 21:11:42.612 [info] No remotes found in the git config file.
2023-08-06 21:11:42.614 [info] > git config --get commit.template [15ms]
2023-08-06 21:11:42.614 [info] > git for-each-ref --format=%(refname)%00%(upstream:short)%00%(objectname)%00%(upstream:track)%00%(upstream:remotename)%00%(upstream:remoteref) refs/heads/master refs/remotes/master [3ms]
2023-08-06 21:11:42.644 [info] > git status -z -uall [23ms]
2023-08-06 21:11:48.992 [info] No remotes found in the git config file.
2023-08-06 21:11:48.993 [info] > git config --get commit.template [9ms]
2023-08-06 21:11:48.999 [info] > git for-each-ref --format=%(refname)%00%(upstream:short)%00%(objectname)%00%(upstream:track)%00%(upstream:remotename)%00%(upstream:remoteref) refs/heads/master refs/remotes/master [8ms]
2023-08-06 21:11:49.028 [info] > git status -z -uall [22ms]
2023-08-06 21:11:54.040 [info] > git config --get commit.template [2ms]
2023-08-06 21:11:54.046 [info] No remotes found in the git config file.
2023-08-06 21:11:54.047 [info] > git for-each-ref --format=%(refname)%00%(upstream:short)%00%(objectname)%00%(upstream:track)%00%(upstream:remotename)%00%(upstream:remoteref) refs/heads/master refs/remotes/master [2ms]
2023-08-06 21:11:54.066 [info] > git status -z -uall [14ms]
2023-08-06 21:11:59.114 [info] > git show --textconv :README.md [8ms]
2023-08-06 21:11:59.116 [info] > git config --get commit.template [17ms]
2023-08-06 21:11:59.121 [info] No remotes found in the git config file.
2023-08-06 21:11:59.122 [info] > git ls-files --stage -- /home/wesleyl/README.md [9ms]
2023-08-06 21:11:59.124 [info] > git for-each-ref --format=%(refname)%00%(upstream:short)%00%(objectname)%00%(upstream:track)%00%(upstream:remotename)%00%(upstream:remoteref) refs/heads/master refs/remotes/master [3ms]
2023-08-06 21:11:59.143 [info] > git status -z -uall [14ms]
2023-08-06 21:11:59.324 [info] > git check-ignore -v -z --stdin [6ms]
2023-08-06 21:12:11.570 [info] > git config --get commit.template [13ms]
2023-08-06 21:12:11.571 [info] No remotes found in the git config file.
2023-08-06 21:12:11.573 [info] > git for-each-ref --format=%(refname)%00%(upstream:short)%00%(objectname)%00%(upstream:track)%00%(upstream:remotename)%00%(upstream:remoteref) refs/heads/master refs/remotes/master [4ms]
2023-08-06 21:12:11.597 [info] > git status -z -uall [17ms]
2023-08-06 21:12:15.049 [info] > git check-ignore -v -z --stdin [3ms]
2023-08-06 21:12:16.610 [info] > git config --get commit.template [6ms]
2023-08-06 21:12:16.610 [info] No remotes found in the git config file.
2023-08-06 21:12:16.611 [info] > git for-each-ref --format=%(refname)%00%(upstream:short)%00%(objectname)%00%(upstream:track)%00%(upstream:remotename)%00%(upstream:remoteref) refs/heads/master refs/remotes/master [2ms]
2023-08-06 21:12:16.630 [info] > git status -z -uall [13ms]
2023-08-06 21:12:21.619 [info] > git ls-files --stage -- /home/wesleyl/README.md [2ms]
2023-08-06 21:12:21.624 [info] > git cat-file -s e69de29bb2d1d6434b8b29ae775ad8c2e48c5391 [1ms]
2023-08-06 21:12:21.639 [info] > git show --textconv :README.md [7ms]
2023-08-06 21:12:21.640 [info] > git config --get commit.template [1ms]
2023-08-06 21:12:21.646 [info] No remotes found in the git config file.
2023-08-06 21:12:21.647 [info] > git for-each-ref --format=%(refname)%00%(upstream:short)%00%(objectname)%00%(upstream:track)%00%(upstream:remotename)%00%(upstream:remoteref) refs/heads/master refs/remotes/master [1ms]
2023-08-06 21:12:21.661 [info] > git status -z -uall [10ms]
2023-08-06 21:12:26.675 [info] > git config --get commit.template [2ms]
2023-08-06 21:12:26.683 [info] No remotes found in the git config file.
2023-08-06 21:12:26.684 [info] > git for-each-ref --format=%(refname)%00%(upstream:short)%00%(objectname)%00%(upstream:track)%00%(upstream:remotename)%00%(upstream:remoteref) refs/heads/master refs/remotes/master [2ms]
2023-08-06 21:12:26.703 [info] > git status -z -uall [14ms]
2023-08-06 21:12:31.731 [info] No remotes found in the git config file.
2023-08-06 21:12:31.732 [info] > git config --get commit.template [16ms]
2023-08-06 21:12:31.733 [info] > git for-each-ref --format=%(refname)%00%(upstream:short)%00%(objectname)%00%(upstream:track)%00%(upstream:remotename)%00%(upstream:remoteref) refs/heads/master refs/remotes/master [4ms]
2023-08-06 21:12:31.771 [info] > git status -z -uall [25ms]
2023-08-06 21:12:33.591 [info] > git ls-files --stage -- /home/wesleyl/README.md [3ms]
2023-08-06 21:12:33.600 [info] > git cat-file -s e69de29bb2d1d6434b8b29ae775ad8c2e48c5391 [2ms]
2023-08-06 21:12:33.612 [info] > git show --textconv :README.md [1ms]
2023-08-06 21:12:54.846 [info] No remotes found in the git config file.
2023-08-06 21:12:54.848 [info] > git config --get commit.template [9ms]
2023-08-06 21:12:54.849 [info] > git for-each-ref --format=%(refname)%00%(upstream:short)%00%(objectname)%00%(upstream:track)%00%(upstream:remotename)%00%(upstream:remoteref) refs/heads/master refs/remotes/master [3ms]
2023-08-06 21:12:54.883 [info] > git status -z -uall [25ms]
2023-08-06 21:12:59.916 [info] No remotes found in the git config file.
2023-08-06 21:12:59.917 [info] > git config --get commit.template [8ms]
2023-08-06 21:12:59.917 [info] > git for-each-ref --format=%(refname)%00%(upstream:short)%00%(objectname)%00%(upstream:track)%00%(upstream:remotename)%00%(upstream:remoteref) refs/heads/master refs/remotes/master [2ms]
2023-08-06 21:12:59.939 [info] > git status -z -uall [17ms]
2023-08-06 21:13:04.980 [info] No remotes found in the git config file.
2023-08-06 21:13:04.984 [info] > git config --get commit.template [24ms]
2023-08-06 21:13:04.985 [info] > git for-each-ref --format=%(refname)%00%(upstream:short)%00%(objectname)%00%(upstream:track)%00%(upstream:remotename)%00%(upstream:remoteref) refs/heads/master refs/remotes/master [6ms]
2023-08-06 21:13:05.039 [info] > git status -z -uall [42ms]
2023-08-06 21:13:10.076 [info] No remotes found in the git config file.
2023-08-06 21:13:10.077 [info] > git config --get commit.template [22ms]
2023-08-06 21:13:10.078 [info] > git for-each-ref --format=%(refname)%00%(upstream:short)%00%(objectname)%00%(upstream:track)%00%(upstream:remotename)%00%(upstream:remoteref) refs/heads/master refs/remotes/master [8ms]
2023-08-06 21:13:10.111 [info] > git status -z -uall [25ms]
2023-08-06 21:13:15.148 [info] > git config --get commit.template [15ms]
2023-08-06 21:13:15.148 [info] No remotes found in the git config file.
2023-08-06 21:13:15.149 [info] > git for-each-ref --format=%(refname)%00%(upstream:short)%00%(objectname)%00%(upstream:track)%00%(upstream:remotename)%00%(upstream:remoteref) refs/heads/master refs/remotes/master [3ms]
2023-08-06 21:13:15.181 [info] > git status -z -uall [23ms]
2023-08-06 21:13:20.201 [info] > git config --get commit.template [7ms]
2023-08-06 21:13:20.202 [info] > git for-each-ref --format=%(refname)%00%(upstream:short)%00%(objectname)%00%(upstream:track)%00%(upstream:remotename)%00%(upstream:remoteref) refs/heads/master refs/remotes/master [2ms]
2023-08-06 21:13:20.222 [info] > git status -z -uall [15ms]
2023-08-06 21:13:20.340 [info] > git ls-files --stage -- /home/wesleyl/README.md [2ms]
2023-08-06 21:13:20.346 [info] > git cat-file -s e69de29bb2d1d6434b8b29ae775ad8c2e48c5391 [1ms]
2023-08-06 21:13:20.357 [info] > git show --textconv :README.md [2ms]
2023-08-06 21:13:25.258 [info] > git config --get commit.template [15ms]
2023-08-06 21:13:25.259 [info] > git for-each-ref --format=%(refname)%00%(upstream:short)%00%(objectname)%00%(upstream:track)%00%(upstream:remotename)%00%(upstream:remoteref) refs/heads/master refs/remotes/master [2ms]
2023-08-06 21:13:25.287 [info] > git status -z -uall [21ms]
2023-08-06 21:13:30.297 [info] > git config --get commit.template [2ms]
2023-08-06 21:13:30.302 [info] > git for-each-ref --format=%(refname)%00%(upstream:short)%00%(objectname)%00%(upstream:track)%00%(upstream:remotename)%00%(upstream:remoteref) refs/heads/master refs/remotes/master [1ms]
2023-08-06 21:13:30.316 [info] > git status -z -uall [10ms]
2023-08-06 21:13:35.336 [info] > git config --get commit.template [6ms]
2023-08-06 21:13:35.343 [info] > git for-each-ref --format=%(refname)%00%(upstream:short)%00%(objectname)%00%(upstream:track)%00%(upstream:remotename)%00%(upstream:remoteref) refs/heads/master refs/remotes/master [1ms]
2023-08-06 21:13:35.360 [info] > git status -z -uall [12ms]
2023-08-06 21:13:40.371 [info] > git config --get commit.template [1ms]
2023-08-06 21:13:40.379 [info] > git for-each-ref --format=%(refname)%00%(upstream:short)%00%(objectname)%00%(upstream:track)%00%(upstream:remotename)%00%(upstream:remoteref) refs/heads/master refs/remotes/master [4ms]
2023-08-06 21:13:40.398 [info] > git status -z -uall [13ms]
2023-08-06 21:13:45.408 [info] > git config --get commit.template [1ms]
2023-08-06 21:13:45.415 [info] > git for-each-ref --format=%(refname)%00%(upstream:short)%00%(objectname)%00%(upstream:track)%00%(upstream:remotename)%00%(upstream:remoteref) refs/heads/master refs/remotes/master [1ms]
2023-08-06 21:13:45.433 [info] > git status -z -uall [13ms]
2023-08-06 21:13:50.449 [info] > git config --get commit.template [6ms]
2023-08-06 21:13:50.449 [info] > git for-each-ref --format=%(refname)%00%(upstream:short)%00%(objectname)%00%(upstream:track)%00%(upstream:remotename)%00%(upstream:remoteref) refs/heads/master refs/remotes/master [1ms]
2023-08-06 21:13:50.465 [info] > git status -z -uall [12ms]
2023-08-06 21:14:19.327 [info] > git config --get commit.template [11ms]
2023-08-06 21:14:19.328 [info] > git for-each-ref --format=%(refname)%00%(upstream:short)%00%(objectname)%00%(upstream:track)%00%(upstream:remotename)%00%(upstream:remoteref) refs/heads/master refs/remotes/master [4ms]
2023-08-06 21:14:19.356 [info] > git status -z -uall [19ms]
2023-08-06 21:16:26.585 [info] > git config --get commit.template [11ms]
2023-08-06 21:16:26.586 [info] > git for-each-ref --format=%(refname)%00%(upstream:short)%00%(objectname)%00%(upstream:track)%00%(upstream:remotename)%00%(upstream:remoteref) refs/heads/master refs/remotes/master [3ms]
2023-08-06 21:16:26.617 [info] > git status -z -uall [21ms]
2023-08-06 21:16:31.638 [info] > git config --get commit.template [9ms]
2023-08-06 21:16:31.640 [info] > git for-each-ref --format=%(refname)%00%(upstream:short)%00%(objectname)%00%(upstream:track)%00%(upstream:remotename)%00%(upstream:remoteref) refs/heads/master refs/remotes/master [2ms]
2023-08-06 21:16:31.659 [info] > git status -z -uall [12ms]
2023-08-06 21:17:13.331 [info] > git config --get commit.template [15ms]
2023-08-06 21:17:13.332 [info] > git for-each-ref --format=%(refname)%00%(upstream:short)%00%(objectname)%00%(upstream:track)%00%(upstream:remotename)%00%(upstream:remoteref) refs/heads/master refs/remotes/master [3ms]
2023-08-06 21:17:13.354 [info] > git status -z -uall [14ms]
2023-08-06 21:17:17.198 [info] > git ls-files --stage -- /home/wesleyl/README.md [6ms]
2023-08-06 21:17:17.214 [info] > git cat-file -s e69de29bb2d1d6434b8b29ae775ad8c2e48c5391 [3ms]
2023-08-06 21:17:17.235 [info] > git show --textconv :README.md [4ms]
2023-08-06 21:17:18.366 [info] > git config --get commit.template [4ms]
2023-08-06 21:17:18.383 [info] > git for-each-ref --format=%(refname)%00%(upstream:short)%00%(objectname)%00%(upstream:track)%00%(upstream:remotename)%00%(upstream:remoteref) refs/heads/master refs/remotes/master [4ms]
2023-08-06 21:17:18.417 [info] > git status -z -uall [22ms]
2023-08-06 21:17:40.757 [info] > git config --get commit.template [12ms]
2023-08-06 21:17:40.759 [info] > git for-each-ref --format=%(refname)%00%(upstream:short)%00%(objectname)%00%(upstream:track)%00%(upstream:remotename)%00%(upstream:remoteref) refs/heads/master refs/remotes/master [4ms]
2023-08-06 21:17:40.783 [info] > git status -z -uall [16ms]
2023-08-06 21:17:45.820 [info] > git config --get commit.template [14ms]
2023-08-06 21:17:45.820 [info] > git for-each-ref --format=%(refname)%00%(upstream:short)%00%(objectname)%00%(upstream:track)%00%(upstream:remotename)%00%(upstream:remoteref) refs/heads/master refs/remotes/master [3ms]
2023-08-06 21:17:45.845 [info] > git status -z -uall [18ms]
2023-08-06 21:17:50.870 [info] > git config --get commit.template [11ms]
2023-08-06 21:17:50.871 [info] > git for-each-ref --format=%(refname)%00%(upstream:short)%00%(objectname)%00%(upstream:track)%00%(upstream:remotename)%00%(upstream:remoteref) refs/heads/master refs/remotes/master [2ms]
2023-08-06 21:17:50.893 [info] > git status -z -uall [13ms]
2023-08-06 21:17:56.140 [info] > git for-each-ref --format=%(refname)%00%(upstream:short)%00%(objectname)%00%(upstream:track)%00%(upstream:remotename)%00%(upstream:remoteref) refs/heads/master refs/remotes/master [3ms]
2023-08-06 21:17:56.141 [info] > git config --get commit.template [20ms]
2023-08-06 21:17:56.165 [info] > git status -z -uall [14ms]
2023-08-06 21:18:01.205 [info] > git config --get commit.template [17ms]
2023-08-06 21:18:01.207 [info] > git for-each-ref --format=%(refname)%00%(upstream:short)%00%(objectname)%00%(upstream:track)%00%(upstream:remotename)%00%(upstream:remoteref) refs/heads/master refs/remotes/master [2ms]
2023-08-06 21:18:01.239 [info] > git status -z -uall [24ms]
2023-08-06 21:18:06.264 [info] > git config --get commit.template [10ms]
2023-08-06 21:18:06.268 [info] > git for-each-ref --format=%(refname)%00%(upstream:short)%00%(objectname)%00%(upstream:track)%00%(upstream:remotename)%00%(upstream:remoteref) refs/heads/master refs/remotes/master [6ms]
2023-08-06 21:18:06.286 [info] > git status -z -uall [10ms]
2023-08-06 21:18:11.308 [info] > git config --get commit.template [10ms]
2023-08-06 21:18:11.310 [info] > git for-each-ref --format=%(refname)%00%(upstream:short)%00%(objectname)%00%(upstream:track)%00%(upstream:remotename)%00%(upstream:remoteref) refs/heads/master refs/remotes/master [2ms]
2023-08-06 21:18:11.342 [info] > git status -z -uall [25ms]
2023-08-06 21:18:16.363 [info] > git config --get commit.template [5ms]
2023-08-06 21:18:16.363 [info] > git for-each-ref --format=%(refname)%00%(upstream:short)%00%(objectname)%00%(upstream:track)%00%(upstream:remotename)%00%(upstream:remoteref) refs/heads/master refs/remotes/master [1ms]
2023-08-06 21:18:16.378 [info] > git status -z -uall [10ms]
2023-08-06 21:18:21.412 [info] > git config --get commit.template [16ms]
2023-08-06 21:18:21.413 [info] > git for-each-ref --format=%(refname)%00%(upstream:short)%00%(objectname)%00%(upstream:track)%00%(upstream:remotename)%00%(upstream:remoteref) refs/heads/master refs/remotes/master [4ms]
2023-08-06 21:18:21.442 [info] > git status -z -uall [22ms]
2023-08-06 21:18:23.030 [info] > git ls-files --stage -- /home/wesleyl/README.md [5ms]
2023-08-06 21:18:23.045 [info] > git cat-file -s e69de29bb2d1d6434b8b29ae775ad8c2e48c5391 [3ms]
2023-08-06 21:18:23.065 [info] > git show --textconv :README.md [4ms]
2023-08-06 21:18:26.454 [info] > git config --get commit.template [1ms]
2023-08-06 21:18:26.458 [info] No remotes found in the git config file.
2023-08-06 21:18:26.460 [info] > git for-each-ref --format=%(refname)%00%(upstream:short)%00%(objectname)%00%(upstream:track)%00%(upstream:remotename)%00%(upstream:remoteref) refs/heads/master refs/remotes/master [2ms]
2023-08-06 21:18:26.482 [info] > git status -z -uall [15ms]
2023-08-06 21:18:31.518 [info] No remotes found in the git config file.
2023-08-06 21:18:31.520 [info] > git config --get commit.template [19ms]
2023-08-06 21:18:31.521 [info] > git for-each-ref --format=%(refname)%00%(upstream:short)%00%(objectname)%00%(upstream:track)%00%(upstream:remotename)%00%(upstream:remoteref) refs/heads/master refs/remotes/master [4ms]
2023-08-06 21:18:31.550 [info] > git status -z -uall [20ms]
2023-08-06 21:18:33.287 [info] > git ls-files --stage -- /home/wesleyl/README.md [3ms]
2023-08-06 21:18:33.298 [info] > git cat-file -s e69de29bb2d1d6434b8b29ae775ad8c2e48c5391 [2ms]
2023-08-06 21:18:33.317 [info] > git show --textconv :README.md [5ms]
2023-08-06 21:18:36.579 [info] > git config --get commit.template [10ms]
2023-08-06 21:18:36.580 [info] > git for-each-ref --format=%(refname)%00%(upstream:short)%00%(objectname)%00%(upstream:track)%00%(upstream:remotename)%00%(upstream:remoteref) refs/heads/master refs/remotes/master [3ms]
2023-08-06 21:18:36.603 [info] > git status -z -uall [14ms]
2023-08-06 21:18:41.616 [info] > git config --get commit.template [5ms]
2023-08-06 21:18:41.616 [info] > git for-each-ref --format=%(refname)%00%(upstream:short)%00%(objectname)%00%(upstream:track)%00%(upstream:remotename)%00%(upstream:remoteref) refs/heads/master refs/remotes/master [1ms]
2023-08-06 21:18:41.630 [info] > git status -z -uall [11ms]
2023-08-06 21:18:46.664 [info] > git config --get commit.template [15ms]
2023-08-06 21:18:46.665 [info] > git for-each-ref --format=%(refname)%00%(upstream:short)%00%(objectname)%00%(upstream:track)%00%(upstream:remotename)%00%(upstream:remoteref) refs/heads/master refs/remotes/master [2ms]
2023-08-06 21:18:46.696 [info] > git status -z -uall [23ms]
2023-08-06 21:18:47.117 [info] > git ls-files --stage -- /home/wesleyl/README.md [4ms]
2023-08-06 21:18:47.128 [info] > git cat-file -s e69de29bb2d1d6434b8b29ae775ad8c2e48c5391 [3ms]
2023-08-06 21:18:47.147 [info] > git show --textconv :README.md [5ms]
2023-08-06 21:18:51.708 [info] > git config --get commit.template [1ms]
2023-08-06 21:18:51.715 [info] > git for-each-ref --format=%(refname)%00%(upstream:short)%00%(objectname)%00%(upstream:track)%00%(upstream:remotename)%00%(upstream:remoteref) refs/heads/master refs/remotes/master [2ms]
2023-08-06 21:18:51.731 [info] > git status -z -uall [12ms]
2023-08-06 21:18:55.069 [info] > git ls-files --stage -- /home/wesleyl/README.md [5ms]
2023-08-06 21:18:55.081 [info] > git cat-file -s e69de29bb2d1d6434b8b29ae775ad8c2e48c5391 [3ms]
2023-08-06 21:18:55.103 [info] > git show --textconv :README.md [4ms]
2023-08-06 21:18:57.455 [info] > git config --get commit.template [12ms]
2023-08-06 21:18:57.462 [info] > git for-each-ref --format=%(refname)%00%(upstream:short)%00%(objectname)%00%(upstream:track)%00%(upstream:remotename)%00%(upstream:remoteref) refs/heads/main refs/remotes/main [9ms]
2023-08-06 21:18:57.483 [info] > git status -z -uall [14ms]
2023-08-06 21:19:02.496 [info] > git config --get commit.template [1ms]
2023-08-06 21:19:02.502 [info] > git for-each-ref --format=%(refname)%00%(upstream:short)%00%(objectname)%00%(upstream:track)%00%(upstream:remotename)%00%(upstream:remoteref) refs/heads/main refs/remotes/main [1ms]
2023-08-06 21:19:02.539 [info] > git status -z -uall [29ms]
2023-08-06 21:23:10.781 [info] > git check-ignore -v -z --stdin [2ms]
2023-08-06 21:31:55.426 [info] > git config --get commit.template [11ms]
2023-08-06 21:31:55.435 [info] > git ls-files --stage -- /home/wesleyl/README.md [11ms]
2023-08-06 21:31:55.444 [info] > git for-each-ref --format=%(refname)%00%(upstream:short)%00%(objectname)%00%(upstream:track)%00%(upstream:remotename)%00%(upstream:remoteref) refs/heads/main refs/remotes/main [11ms]
2023-08-06 21:31:55.454 [info] > git cat-file -s e69de29bb2d1d6434b8b29ae775ad8c2e48c5391 [11ms]
2023-08-06 21:31:55.465 [info] > git show --textconv :README.md [3ms]
2023-08-06 21:31:55.467 [info] > git status -z -uall [16ms]
2023-08-06 21:32:00.495 [info] > git config --get commit.template [15ms]
2023-08-06 21:32:00.498 [info] > git for-each-ref --format=%(refname)%00%(upstream:short)%00%(objectname)%00%(upstream:track)%00%(upstream:remotename)%00%(upstream:remoteref) refs/heads/main refs/remotes/main [5ms]
2023-08-06 21:32:00.530 [info] > git status -z -uall [20ms]
2023-08-06 21:32:01.050 [info] > git show --textconv :adr/adr.md [10ms]
2023-08-06 21:32:01.052 [info] > git ls-files --stage -- /home/wesleyl/adr/adr.md [4ms]
2023-08-06 21:32:01.274 [info] > git check-ignore -v -z --stdin [2ms]
2023-08-06 21:32:05.556 [info] > git config --get commit.template [6ms]
2023-08-06 21:32:05.574 [info] > git for-each-ref --format=%(refname)%00%(upstream:short)%00%(objectname)%00%(upstream:track)%00%(upstream:remotename)%00%(upstream:remoteref) refs/heads/main refs/remotes/main [5ms]
2023-08-06 21:32:05.605 [info] > git status -z -uall [21ms]
2023-08-06 21:32:45.167 [info] > git config --get commit.template [8ms]
2023-08-06 21:32:45.168 [info] > git for-each-ref --format=%(refname)%00%(upstream:short)%00%(objectname)%00%(upstream:track)%00%(upstream:remotename)%00%(upstream:remoteref) refs/heads/main refs/remotes/main [2ms]
2023-08-06 21:32:45.191 [info] > git status -z -uall [17ms]
2023-08-06 21:32:50.231 [info] > git config --get commit.template [20ms]
2023-08-06 21:32:50.232 [info] > git for-each-ref --format=%(refname)%00%(upstream:short)%00%(objectname)%00%(upstream:track)%00%(upstream:remotename)%00%(upstream:remoteref) refs/heads/main refs/remotes/main [7ms]
2023-08-06 21:32:50.265 [info] > git status -z -uall [24ms]
2023-08-06 21:32:55.303 [info] > git config --get commit.template [17ms]
2023-08-06 21:32:55.306 [info] > git for-each-ref --format=%(refname)%00%(upstream:short)%00%(objectname)%00%(upstream:track)%00%(upstream:remotename)%00%(upstream:remoteref) refs/heads/main refs/remotes/main [5ms]
2023-08-06 21:32:55.335 [info] > git status -z -uall [21ms]
2023-08-06 21:32:58.141 [info] > git show --textconv :adr/01_techstack.md [5ms]
2023-08-06 21:32:58.144 [info] > git ls-files --stage -- /home/wesleyl/adr/01_techstack.md [3ms]
2023-08-06 21:32:58.413 [info] > git check-ignore -v -z --stdin [5ms]
2023-08-06 21:33:00.367 [info] > git config --get commit.template [17ms]
2023-08-06 21:33:00.369 [info] > git for-each-ref --format=%(refname)%00%(upstream:short)%00%(objectname)%00%(upstream:track)%00%(upstream:remotename)%00%(upstream:remoteref) refs/heads/main refs/remotes/main [5ms]
2023-08-06 21:33:00.404 [info] > git status -z -uall [25ms]
2023-08-06 21:33:06.431 [info] > git config --get commit.template [9ms]
2023-08-06 21:33:06.432 [info] > git for-each-ref --format=%(refname)%00%(upstream:short)%00%(objectname)%00%(upstream:track)%00%(upstream:remotename)%00%(upstream:remoteref) refs/heads/main refs/remotes/main [3ms]
2023-08-06 21:33:06.454 [info] > git status -z -uall [15ms]
2023-08-06 21:33:22.065 [info] > git config --get commit.template [12ms]
2023-08-06 21:33:22.066 [info] > git for-each-ref --format=%(refname)%00%(upstream:short)%00%(objectname)%00%(upstream:track)%00%(upstream:remotename)%00%(upstream:remoteref) refs/heads/main refs/remotes/main [3ms]
2023-08-06 21:33:22.094 [info] > git status -z -uall [18ms]
2023-08-06 21:33:27.103 [info] > git config --get commit.template [2ms]
2023-08-06 21:33:27.109 [info] > git for-each-ref --format=%(refname)%00%(upstream:short)%00%(objectname)%00%(upstream:track)%00%(upstream:remotename)%00%(upstream:remoteref) refs/heads/main refs/remotes/main [2ms]
2023-08-06 21:33:27.123 [info] > git status -z -uall [11ms]
2023-08-06 21:33:32.136 [info] > git config --get commit.template [6ms]
2023-08-06 21:33:32.137 [info] > git for-each-ref --format=%(refname)%00%(upstream:short)%00%(objectname)%00%(upstream:track)%00%(upstream:remotename)%00%(upstream:remoteref) refs/heads/main refs/remotes/main [2ms]
2023-08-06 21:33:32.153 [info] > git status -z -uall [12ms]
2023-08-06 21:33:40.089 [info] > git config --get commit.template [15ms]
2023-08-06 21:33:40.089 [info] > git for-each-ref --format=%(refname)%00%(upstream:short)%00%(objectname)%00%(upstream:track)%00%(upstream:remotename)%00%(upstream:remoteref) refs/heads/main refs/remotes/main [2ms]
2023-08-06 21:33:40.110 [info] > git status -z -uall [14ms]
2023-08-06 21:33:45.126 [info] > git config --get commit.template [1ms]
2023-08-06 21:33:45.132 [info] > git for-each-ref --format=%(refname)%00%(upstream:short)%00%(objectname)%00%(upstream:track)%00%(upstream:remotename)%00%(upstream:remoteref) refs/heads/main refs/remotes/main [2ms]
2023-08-06 21:33:45.148 [info] > git status -z -uall [11ms]
2023-08-06 21:33:50.183 [info] > git config --get commit.template [16ms]
2023-08-06 21:33:50.185 [info] > git for-each-ref --format=%(refname)%00%(upstream:short)%00%(objectname)%00%(upstream:track)%00%(upstream:remotename)%00%(upstream:remoteref) refs/heads/main refs/remotes/main [5ms]
2023-08-06 21:33:50.221 [info] > git status -z -uall [24ms]
2023-08-06 21:33:55.259 [info] > git config --get commit.template [15ms]
2023-08-06 21:33:55.261 [info] > git for-each-ref --format=%(refname)%00%(upstream:short)%00%(objectname)%00%(upstream:track)%00%(upstream:remotename)%00%(upstream:remoteref) refs/heads/main refs/remotes/main [4ms]
2023-08-06 21:33:55.296 [info] > git status -z -uall [24ms]
2023-08-06 21:34:00.327 [info] > git config --get commit.template [13ms]
2023-08-06 21:34:00.328 [info] > git for-each-ref --format=%(refname)%00%(upstream:short)%00%(objectname)%00%(upstream:track)%00%(upstream:remotename)%00%(upstream:remoteref) refs/heads/main refs/remotes/main [2ms]
2023-08-06 21:34:00.355 [info] > git status -z -uall [19ms]
2023-08-06 21:34:05.391 [info] > git config --get commit.template [15ms]
2023-08-06 21:34:05.393 [info] > git for-each-ref --format=%(refname)%00%(upstream:short)%00%(objectname)%00%(upstream:track)%00%(upstream:remotename)%00%(upstream:remoteref) refs/heads/main refs/remotes/main [4ms]
2023-08-06 21:34:05.423 [info] > git status -z -uall [22ms]
2023-08-06 21:34:10.460 [info] > git config --get commit.template [15ms]
2023-08-06 21:34:10.462 [info] > git for-each-ref --format=%(refname)%00%(upstream:short)%00%(objectname)%00%(upstream:track)%00%(upstream:remotename)%00%(upstream:remoteref) refs/heads/main refs/remotes/main [5ms]
2023-08-06 21:34:10.498 [info] > git status -z -uall [27ms]
2023-08-06 21:34:15.515 [info] > git config --get commit.template [3ms]
2023-08-06 21:34:15.531 [info] > git for-each-ref --format=%(refname)%00%(upstream:short)%00%(objectname)%00%(upstream:track)%00%(upstream:remotename)%00%(upstream:remoteref) refs/heads/main refs/remotes/main [6ms]
2023-08-06 21:34:15.557 [info] > git status -z -uall [16ms]
2023-08-06 21:34:20.573 [info] > git config --get commit.template [7ms]
2023-08-06 21:34:20.573 [info] > git for-each-ref --format=%(refname)%00%(upstream:short)%00%(objectname)%00%(upstream:track)%00%(upstream:remotename)%00%(upstream:remoteref) refs/heads/main refs/remotes/main [1ms]
2023-08-06 21:34:20.590 [info] > git status -z -uall [13ms]
2023-08-06 21:34:25.612 [info] > git config --get commit.template [10ms]
2023-08-06 21:34:25.613 [info] > git for-each-ref --format=%(refname)%00%(upstream:short)%00%(objectname)%00%(upstream:track)%00%(upstream:remotename)%00%(upstream:remoteref) refs/heads/main refs/remotes/main [2ms]
2023-08-06 21:34:25.646 [info] > git status -z -uall [23ms]
2023-08-06 21:34:30.680 [info] > git config --get commit.template [13ms]
2023-08-06 21:34:30.682 [info] > git for-each-ref --format=%(refname)%00%(upstream:short)%00%(objectname)%00%(upstream:track)%00%(upstream:remotename)%00%(upstream:remoteref) refs/heads/main refs/remotes/main [3ms]
2023-08-06 21:34:30.713 [info] > git status -z -uall [23ms]
2023-08-06 21:34:35.725 [info] > git config --get commit.template [1ms]
2023-08-06 21:34:35.729 [info] > git for-each-ref --format=%(refname)%00%(upstream:short)%00%(objectname)%00%(upstream:track)%00%(upstream:remotename)%00%(upstream:remoteref) refs/heads/main refs/remotes/main [1ms]
2023-08-06 21:34:35.743 [info] > git status -z -uall [10ms]
2023-08-06 21:34:40.759 [info] > git config --get commit.template [6ms]
2023-08-06 21:34:40.759 [info] > git for-each-ref --format=%(refname)%00%(upstream:short)%00%(objectname)%00%(upstream:track)%00%(upstream:remotename)%00%(upstream:remoteref) refs/heads/main refs/remotes/main [1ms]
2023-08-06 21:34:40.776 [info] > git status -z -uall [11ms]
2023-08-06 21:34:45.790 [info] > git config --get commit.template [5ms]
2023-08-06 21:34:45.791 [info] > git for-each-ref --format=%(refname)%00%(upstream:short)%00%(objectname)%00%(upstream:track)%00%(upstream:remotename)%00%(upstream:remoteref) refs/heads/main refs/remotes/main [1ms]
2023-08-06 21:34:45.809 [info] > git status -z -uall [14ms]
2023-08-06 21:35:00.611 [info] > git config --get commit.template [1ms]
2023-08-06 21:35:00.620 [info] > git for-each-ref --format=%(refname)%00%(upstream:short)%00%(objectname)%00%(upstream:track)%00%(upstream:remotename)%00%(upstream:remoteref) refs/heads/main refs/remotes/main [2ms]
2023-08-06 21:35:00.698 [info] > git status -z -uall [72ms]
2023-08-06 21:35:08.626 [info] > git config --get commit.template [1ms]
2023-08-06 21:35:08.634 [info] > git for-each-ref --format=%(refname)%00%(upstream:short)%00%(objectname)%00%(upstream:track)%00%(upstream:remotename)%00%(upstream:remoteref) refs/heads/main refs/remotes/main [1ms]
2023-08-06 21:35:08.708 [info] > git status -z -uall [67ms]
2023-08-06 21:35:13.902 [info] > git config --get commit.template [9ms]
2023-08-06 21:35:13.903 [info] > git for-each-ref --format=%(refname)%00%(upstream:short)%00%(objectname)%00%(upstream:track)%00%(upstream:remotename)%00%(upstream:remoteref) refs/heads/main refs/remotes/main [2ms]
2023-08-06 21:35:13.972 [info] > git status -z -uall [60ms]
2023-08-06 21:35:15.010 [info] > git check-ignore -v -z --stdin [21ms]
2023-08-06 21:35:16.094 [info] > git show --textconv HEAD:.rediscli_history [12ms]
2023-08-06 21:35:16.095 [info] > git ls-tree -l HEAD -- /home/wesleyl/.rediscli_history [3ms]
2023-08-06 21:35:18.002 [info] > git show --textconv HEAD:.dotnet/corefx/cryptography/crls/7abcc12f.dea36fd7.crl [15ms]
2023-08-06 21:35:18.003 [info] > git ls-tree -l HEAD -- /home/wesleyl/.dotnet/corefx/cryptography/crls/7abcc12f.dea36fd7.crl [3ms]
2023-08-06 21:35:18.519 [info] > git check-ignore -v -z --stdin [3ms]
2023-08-06 21:35:19.108 [info] > git config --get commit.template [16ms]
2023-08-06 21:35:19.108 [info] > git for-each-ref --format=%(refname)%00%(upstream:short)%00%(objectname)%00%(upstream:track)%00%(upstream:remotename)%00%(upstream:remoteref) refs/heads/main refs/remotes/main [2ms]
2023-08-06 21:35:19.175 [info] > git status -z -uall [59ms]
2023-08-06 21:35:21.214 [info] > git show --textconv HEAD:.dotnet/corefx/cryptography/crls/75d1b2ed.de05bb98.crl [11ms]
2023-08-06 21:35:21.215 [info] > git ls-tree -l HEAD -- /home/wesleyl/.dotnet/corefx/cryptography/crls/75d1b2ed.de05bb98.crl [3ms]
2023-08-06 21:35:21.815 [info] > git show --textconv HEAD:.dotnet/corefx/cryptography/crls/7462804f.d5a68194.crl [12ms]
2023-08-06 21:35:21.816 [info] > git ls-tree -l HEAD -- /home/wesleyl/.dotnet/corefx/cryptography/crls/7462804f.d5a68194.crl [3ms]
2023-08-06 21:35:23.562 [info] > git check-ignore -v -z --stdin [2ms]
2023-08-06 21:35:23.993 [info] > git show --textconv HEAD:.vscode-server/extensions/shd101wyy.markdown-preview-enhanced-0.6.8/.prettierignore [9ms]
2023-08-06 21:35:23.994 [info] > git ls-tree -l HEAD -- /home/wesleyl/.vscode-server/extensions/shd101wyy.markdown-preview-enhanced-0.6.8/.prettierignore [3ms]
2023-08-06 21:35:24.296 [info] > git config --get commit.template [12ms]
2023-08-06 21:35:24.296 [info] > git for-each-ref --format=%(refname)%00%(upstream:short)%00%(objectname)%00%(upstream:track)%00%(upstream:remotename)%00%(upstream:remoteref) refs/heads/main refs/remotes/main [2ms]
2023-08-06 21:35:24.370 [info] > git status -z -uall [64ms]
2023-08-06 21:35:25.434 [info] > git check-ignore -v -z --stdin [928ms]
2023-08-06 21:35:25.932 [info] > git check-ignore -v -z --stdin [3ms]
2023-08-06 21:35:26.920 [info] > git check-ignore -v -z --stdin [2ms]
2023-08-06 21:35:29.505 [info] > git config --get commit.template [11ms]
2023-08-06 21:35:29.505 [info] > git for-each-ref --format=%(refname)%00%(upstream:short)%00%(objectname)%00%(upstream:track)%00%(upstream:remotename)%00%(upstream:remoteref) refs/heads/main refs/remotes/main [1ms]
2023-08-06 21:35:29.588 [info] > git status -z -uall [71ms]
2023-08-06 21:35:31.027 [info] > git check-ignore -v -z --stdin [3ms]
2023-08-06 21:35:34.744 [info] > git config --get commit.template [7ms]
2023-08-06 21:35:34.744 [info] > git for-each-ref --format=%(refname)%00%(upstream:short)%00%(objectname)%00%(upstream:track)%00%(upstream:remotename)%00%(upstream:remoteref) refs/heads/main refs/remotes/main [1ms]
2023-08-06 21:35:34.809 [info] > git status -z -uall [57ms]
2023-08-06 21:35:36.217 [info] > git check-ignore -v -z --stdin [3ms]
2023-08-06 21:35:39.940 [info] > git config --get commit.template [15ms]
2023-08-06 21:35:39.941 [info] > git for-each-ref --format=%(refname)%00%(upstream:short)%00%(objectname)%00%(upstream:track)%00%(upstream:remotename)%00%(upstream:remoteref) refs/heads/main refs/remotes/main [2ms]
2023-08-06 21:35:40.019 [info] > git status -z -uall [66ms]
2023-08-06 21:35:45.126 [info] > git config --get commit.template [1ms]
2023-08-06 21:35:45.136 [info] > git for-each-ref --format=%(refname)%00%(upstream:short)%00%(objectname)%00%(upstream:track)%00%(upstream:remotename)%00%(upstream:remoteref) refs/heads/main refs/remotes/main [1ms]
2023-08-06 21:35:45.200 [info] > git status -z -uall [57ms]
2023-08-06 21:35:50.312 [info] > git config --get commit.template [11ms]
2023-08-06 21:35:50.314 [info] > git for-each-ref --format=%(refname)%00%(upstream:short)%00%(objectname)%00%(upstream:track)%00%(upstream:remotename)%00%(upstream:remoteref) refs/heads/main refs/remotes/main [3ms]
2023-08-06 21:35:50.393 [info] > git status -z -uall [65ms]
2023-08-06 21:35:55.535 [info] > git config --get commit.template [29ms]
2023-08-06 21:35:55.536 [info] > git for-each-ref --format=%(refname)%00%(upstream:short)%00%(objectname)%00%(upstream:track)%00%(upstream:remotename)%00%(upstream:remoteref) refs/heads/main refs/remotes/main [4ms]
2023-08-06 21:35:55.620 [info] > git status -z -uall [60ms]
2023-08-06 21:36:00.720 [info] > git config --get commit.template [9ms]
2023-08-06 21:36:00.721 [info] > git for-each-ref --format=%(refname)%00%(upstream:short)%00%(objectname)%00%(upstream:track)%00%(upstream:remotename)%00%(upstream:remoteref) refs/heads/main refs/remotes/main [2ms]
2023-08-06 21:36:00.780 [info] > git status -z -uall [52ms]
2023-08-06 21:36:05.899 [info] > git config --get commit.template [13ms]
2023-08-06 21:36:05.899 [info] > git for-each-ref --format=%(refname)%00%(upstream:short)%00%(objectname)%00%(upstream:track)%00%(upstream:remotename)%00%(upstream:remoteref) refs/heads/main refs/remotes/main [1ms]
2023-08-06 21:36:05.961 [info] > git status -z -uall [53ms]
2023-08-06 21:36:11.127 [info] > git config --get commit.template [11ms]
2023-08-06 21:36:11.128 [info] > git for-each-ref --format=%(refname)%00%(upstream:short)%00%(objectname)%00%(upstream:track)%00%(upstream:remotename)%00%(upstream:remoteref) refs/heads/main refs/remotes/main [2ms]
2023-08-06 21:36:11.198 [info] > git status -z -uall [61ms]
2023-08-06 21:36:16.392 [info] > git config --get commit.template [25ms]
2023-08-06 21:36:16.393 [info] > git for-each-ref --format=%(refname)%00%(upstream:short)%00%(objectname)%00%(upstream:track)%00%(upstream:remotename)%00%(upstream:remoteref) refs/heads/main refs/remotes/main [2ms]
2023-08-06 21:36:16.455 [info] > git status -z -uall [49ms]
2023-08-06 21:36:21.560 [info] > git config --get commit.template [4ms]
2023-08-06 21:36:21.577 [info] > git for-each-ref --format=%(refname)%00%(upstream:short)%00%(objectname)%00%(upstream:track)%00%(upstream:remotename)%00%(upstream:remoteref) refs/heads/main refs/remotes/main [2ms]
2023-08-06 21:36:21.645 [info] > git status -z -uall [56ms]
2023-08-06 21:36:26.760 [info] > git config --get commit.template [5ms]
2023-08-06 21:36:26.781 [info] > git for-each-ref --format=%(refname)%00%(upstream:short)%00%(objectname)%00%(upstream:track)%00%(upstream:remotename)%00%(upstream:remoteref) refs/heads/main refs/remotes/main [4ms]
2023-08-06 21:36:26.853 [info] > git status -z -uall [58ms]
2023-08-06 21:36:32.782 [info] > git config --get commit.template [1ms]
2023-08-06 21:36:32.792 [info] > git for-each-ref --format=%(refname)%00%(upstream:short)%00%(objectname)%00%(upstream:track)%00%(upstream:remotename)%00%(upstream:remoteref) refs/heads/main refs/remotes/main [2ms]
2023-08-06 21:36:32.844 [info] > git status -z -uall [44ms]
2023-08-06 21:36:37.942 [info] > git config --get commit.template [8ms]
2023-08-06 21:36:37.943 [info] > git for-each-ref --format=%(refname)%00%(upstream:short)%00%(objectname)%00%(upstream:track)%00%(upstream:remotename)%00%(upstream:remoteref) refs/heads/main refs/remotes/main [2ms]
2023-08-06 21:36:38.009 [info] > git status -z -uall [53ms]
2023-08-06 21:36:43.149 [info] > git config --get commit.template [17ms]
2023-08-06 21:36:43.150 [info] > git for-each-ref --format=%(refname)%00%(upstream:short)%00%(objectname)%00%(upstream:track)%00%(upstream:remotename)%00%(upstream:remoteref) refs/heads/main refs/remotes/main [3ms]
2023-08-06 21:36:43.221 [info] > git status -z -uall [57ms]
2023-08-06 21:36:49.090 [info] > git config --get commit.template [2ms]
2023-08-06 21:36:49.106 [info] > git for-each-ref --format=%(refname)%00%(upstream:short)%00%(objectname)%00%(upstream:track)%00%(upstream:remotename)%00%(upstream:remoteref) refs/heads/main refs/remotes/main [2ms]
2023-08-06 21:36:49.183 [info] > git status -z -uall [65ms]
2023-08-06 21:36:54.292 [info] > git config --get commit.template [15ms]
2023-08-06 21:36:54.292 [info] > git for-each-ref --format=%(refname)%00%(upstream:short)%00%(objectname)%00%(upstream:track)%00%(upstream:remotename)%00%(upstream:remoteref) refs/heads/main refs/remotes/main [2ms]
2023-08-06 21:36:54.348 [info] > git status -z -uall [49ms]
2023-08-06 21:36:59.479 [info] > git config --get commit.template [26ms]
2023-08-06 21:36:59.482 [info] > git for-each-ref --format=%(refname)%00%(upstream:short)%00%(objectname)%00%(upstream:track)%00%(upstream:remotename)%00%(upstream:remoteref) refs/heads/main refs/remotes/main [5ms]
2023-08-06 21:36:59.551 [info] > git status -z -uall [57ms]
2023-08-06 21:37:04.681 [info] > git config --get commit.template [23ms]
2023-08-06 21:37:04.683 [info] > git for-each-ref --format=%(refname)%00%(upstream:short)%00%(objectname)%00%(upstream:track)%00%(upstream:remotename)%00%(upstream:remoteref) refs/heads/main refs/remotes/main [4ms]
2023-08-06 21:37:04.753 [info] > git status -z -uall [54ms]
2023-08-06 21:37:09.857 [info] > git config --get commit.template [4ms]
2023-08-06 21:37:09.870 [info] > git for-each-ref --format=%(refname)%00%(upstream:short)%00%(objectname)%00%(upstream:track)%00%(upstream:remotename)%00%(upstream:remoteref) refs/heads/main refs/remotes/main [2ms]
2023-08-06 21:37:09.924 [info] > git status -z -uall [46ms]
2023-08-06 21:37:15.025 [info] > git config --get commit.template [1ms]
2023-08-06 21:37:15.035 [info] > git for-each-ref --format=%(refname)%00%(upstream:short)%00%(objectname)%00%(upstream:track)%00%(upstream:remotename)%00%(upstream:remoteref) refs/heads/main refs/remotes/main [1ms]
2023-08-06 21:37:15.096 [info] > git status -z -uall [52ms]
2023-08-06 21:38:07.454 [info] > git config --get commit.template [13ms]
2023-08-06 21:38:07.456 [info] > git for-each-ref --format=%(refname)%00%(upstream:short)%00%(objectname)%00%(upstream:track)%00%(upstream:remotename)%00%(upstream:remoteref) refs/heads/main refs/remotes/main [7ms]
2023-08-06 21:38:07.536 [info] > git status -z -uall [72ms]
2023-08-06 21:38:12.651 [info] > git config --get commit.template [12ms]
2023-08-06 21:38:12.651 [info] > git for-each-ref --format=%(refname)%00%(upstream:short)%00%(objectname)%00%(upstream:track)%00%(upstream:remotename)%00%(upstream:remoteref) refs/heads/main refs/remotes/main [2ms]
2023-08-06 21:38:12.709 [info] > git status -z -uall [51ms]
2023-08-06 21:38:17.826 [info] > git config --get commit.template [11ms]
2023-08-06 21:38:17.846 [info] > git for-each-ref --format=%(refname)%00%(upstream:short)%00%(objectname)%00%(upstream:track)%00%(upstream:remotename)%00%(upstream:remoteref) refs/heads/main refs/remotes/main [2ms]
2023-08-06 21:38:17.921 [info] > git status -z -uall [65ms]
2023-08-06 21:38:23.060 [info] > git config --get commit.template [25ms]
2023-08-06 21:38:23.061 [info] > git for-each-ref --format=%(refname)%00%(upstream:short)%00%(objectname)%00%(upstream:track)%00%(upstream:remotename)%00%(upstream:remoteref) refs/heads/main refs/remotes/main [4ms]
2023-08-06 21:38:23.131 [info] > git status -z -uall [59ms]
2023-08-06 21:38:28.237 [info] > git config --get commit.template [2ms]
2023-08-06 21:38:28.253 [info] > git for-each-ref --format=%(refname)%00%(upstream:short)%00%(objectname)%00%(upstream:track)%00%(upstream:remotename)%00%(upstream:remoteref) refs/heads/main refs/remotes/main [2ms]
2023-08-06 21:38:28.314 [info] > git status -z -uall [52ms]
2023-08-06 21:38:33.436 [info] > git config --get commit.template [25ms]
2023-08-06 21:38:33.439 [info] > git for-each-ref --format=%(refname)%00%(upstream:short)%00%(objectname)%00%(upstream:track)%00%(upstream:remotename)%00%(upstream:remoteref) refs/heads/main refs/remotes/main [5ms]
2023-08-06 21:38:33.513 [info] > git status -z -uall [60ms]
2023-08-06 21:38:38.614 [info] > git config --get commit.template [3ms]
2023-08-06 21:38:38.633 [info] > git for-each-ref --format=%(refname)%00%(upstream:short)%00%(objectname)%00%(upstream:track)%00%(upstream:remotename)%00%(upstream:remoteref) refs/heads/main refs/remotes/main [2ms]
2023-08-06 21:38:38.687 [info] > git status -z -uall [46ms]
2023-08-06 21:38:43.795 [info] > git config --get commit.template [9ms]
2023-08-06 21:38:43.796 [info] > git for-each-ref --format=%(refname)%00%(upstream:short)%00%(objectname)%00%(upstream:track)%00%(upstream:remotename)%00%(upstream:remoteref) refs/heads/main refs/remotes/main [2ms]
2023-08-06 21:38:43.856 [info] > git status -z -uall [52ms]
2023-08-06 21:38:48.962 [info] > git config --get commit.template [2ms]
2023-08-06 21:38:48.977 [info] > git for-each-ref --format=%(refname)%00%(upstream:short)%00%(objectname)%00%(upstream:track)%00%(upstream:remotename)%00%(upstream:remoteref) refs/heads/main refs/remotes/main [2ms]
2023-08-06 21:38:49.034 [info] > git status -z -uall [49ms]
2023-08-06 21:38:54.180 [info] > git config --get commit.template [26ms]
2023-08-06 21:38:54.181 [info] > git for-each-ref --format=%(refname)%00%(upstream:short)%00%(objectname)%00%(upstream:track)%00%(upstream:remotename)%00%(upstream:remoteref) refs/heads/main refs/remotes/main [6ms]
2023-08-06 21:38:54.250 [info] > git status -z -uall [55ms]
2023-08-06 21:39:00.119 [info] > git config --get commit.template [2ms]
2023-08-06 21:39:00.134 [info] > git for-each-ref --format=%(refname)%00%(upstream:short)%00%(objectname)%00%(upstream:track)%00%(upstream:remotename)%00%(upstream:remoteref) refs/heads/main refs/remotes/main [2ms]
2023-08-06 21:39:00.223 [info] > git status -z -uall [75ms]
2023-08-06 21:39:05.367 [info] > git config --get commit.template [24ms]
2023-08-06 21:39:05.368 [info] > git for-each-ref --format=%(refname)%00%(upstream:short)%00%(objectname)%00%(upstream:track)%00%(upstream:remotename)%00%(upstream:remoteref) refs/heads/main refs/remotes/main [3ms]
2023-08-06 21:39:05.433 [info] > git status -z -uall [51ms]
2023-08-06 21:39:10.521 [info] > git config --get commit.template [1ms]
2023-08-06 21:39:10.529 [info] > git for-each-ref --format=%(refname)%00%(upstream:short)%00%(objectname)%00%(upstream:track)%00%(upstream:remotename)%00%(upstream:remoteref) refs/heads/main refs/remotes/main [2ms]
2023-08-06 21:39:10.592 [info] > git status -z -uall [54ms]
2023-08-06 21:39:15.711 [info] > git config --get commit.template [12ms]
2023-08-06 21:39:15.712 [info] > git for-each-ref --format=%(refname)%00%(upstream:short)%00%(objectname)%00%(upstream:track)%00%(upstream:remotename)%00%(upstream:remoteref) refs/heads/main refs/remotes/main [2ms]
2023-08-06 21:39:15.763 [info] > git status -z -uall [43ms]
2023-08-06 21:39:20.897 [info] > git config --get commit.template [21ms]
2023-08-06 21:39:20.899 [info] > git for-each-ref --format=%(refname)%00%(upstream:short)%00%(objectname)%00%(upstream:track)%00%(upstream:remotename)%00%(upstream:remoteref) refs/heads/main refs/remotes/main [3ms]
2023-08-06 21:39:20.969 [info] > git status -z -uall [59ms]
2023-08-06 21:39:26.755 [info] > git config --get commit.template [18ms]
2023-08-06 21:39:26.756 [info] > git for-each-ref --format=%(refname)%00%(upstream:short)%00%(objectname)%00%(upstream:track)%00%(upstream:remotename)%00%(upstream:remoteref) refs/heads/main refs/remotes/main [2ms]
2023-08-06 21:39:26.832 [info] > git status -z -uall [63ms]
2023-08-06 21:39:31.980 [info] > git config --get commit.template [22ms]
2023-08-06 21:39:31.981 [info] > git for-each-ref --format=%(refname)%00%(upstream:short)%00%(objectname)%00%(upstream:track)%00%(upstream:remotename)%00%(upstream:remoteref) refs/heads/main refs/remotes/main [2ms]
2023-08-06 21:39:32.045 [info] > git status -z -uall [51ms]
2023-08-06 21:41:34.682 [info] > git config --get commit.template [4ms]
2023-08-06 21:41:34.691 [info] > git for-each-ref --format=%(refname)%00%(upstream:short)%00%(objectname)%00%(upstream:track)%00%(upstream:remotename)%00%(upstream:remoteref) refs/heads/main refs/remotes/main [1ms]
2023-08-06 21:41:34.773 [info] > git status -z -uall [74ms]
2023-08-06 21:41:39.906 [info] > git config --get commit.template [16ms]
2023-08-06 21:41:39.909 [info] > git for-each-ref --format=%(refname)%00%(upstream:short)%00%(objectname)%00%(upstream:track)%00%(upstream:remotename)%00%(upstream:remoteref) refs/heads/main refs/remotes/main [7ms]
2023-08-06 21:41:39.990 [info] > git status -z -uall [63ms]
2023-08-06 21:41:45.081 [info] > git config --get commit.template [2ms]
2023-08-06 21:41:45.091 [info] > git for-each-ref --format=%(refname)%00%(upstream:short)%00%(objectname)%00%(upstream:track)%00%(upstream:remotename)%00%(upstream:remoteref) refs/heads/main refs/remotes/main [2ms]
2023-08-06 21:41:45.161 [info] > git status -z -uall [63ms]
2023-08-06 21:41:50.315 [info] > git config --get commit.template [19ms]
2023-08-06 21:41:50.316 [info] > git for-each-ref --format=%(refname)%00%(upstream:short)%00%(objectname)%00%(upstream:track)%00%(upstream:remotename)%00%(upstream:remoteref) refs/heads/main refs/remotes/main [3ms]
2023-08-06 21:41:50.394 [info] > git status -z -uall [66ms]
2023-08-06 21:42:33.083 [info] > git config --get commit.template [12ms]
2023-08-06 21:42:33.084 [info] > git for-each-ref --format=%(refname)%00%(upstream:short)%00%(objectname)%00%(upstream:track)%00%(upstream:remotename)%00%(upstream:remoteref) refs/heads/main refs/remotes/main [2ms]
2023-08-06 21:42:33.165 [info] > git status -z -uall [70ms]
2023-08-06 21:42:38.289 [info] > git config --get commit.template [1ms]
2023-08-06 21:42:38.296 [info] > git for-each-ref --format=%(refname)%00%(upstream:short)%00%(objectname)%00%(upstream:track)%00%(upstream:remotename)%00%(upstream:remoteref) refs/heads/main refs/remotes/main [2ms]
2023-08-06 21:42:38.350 [info] > git status -z -uall [48ms]
2023-08-06 21:42:43.481 [info] > git config --get commit.template [16ms]
2023-08-06 21:42:43.482 [info] > git for-each-ref --format=%(refname)%00%(upstream:short)%00%(objectname)%00%(upstream:track)%00%(upstream:remotename)%00%(upstream:remoteref) refs/heads/main refs/remotes/main [3ms]
2023-08-06 21:42:43.543 [info] > git status -z -uall [48ms]
2023-08-06 21:42:48.664 [info] > git config --get commit.template [17ms]
2023-08-06 21:42:48.664 [info] > git for-each-ref --format=%(refname)%00%(upstream:short)%00%(objectname)%00%(upstream:track)%00%(upstream:remotename)%00%(upstream:remoteref) refs/heads/main refs/remotes/main [3ms]
2023-08-06 21:42:48.738 [info] > git status -z -uall [64ms]
2023-08-06 21:42:53.850 [info] > git config --get commit.template [10ms]
2023-08-06 21:42:53.850 [info] > git for-each-ref --format=%(refname)%00%(upstream:short)%00%(objectname)%00%(upstream:track)%00%(upstream:remotename)%00%(upstream:remoteref) refs/heads/main refs/remotes/main [1ms]
2023-08-06 21:42:53.915 [info] > git status -z -uall [54ms]
2023-08-06 21:43:00.815 [info] > git config --get commit.template [10ms]
2023-08-06 21:43:00.816 [info] > git for-each-ref --format=%(refname)%00%(upstream:short)%00%(objectname)%00%(upstream:track)%00%(upstream:remotename)%00%(upstream:remoteref) refs/heads/main refs/remotes/main [2ms]
2023-08-06 21:43:00.870 [info] > git status -z -uall [46ms]
2023-08-06 21:43:05.979 [info] > git config --get commit.template [8ms]
2023-08-06 21:43:05.979 [info] > git for-each-ref --format=%(refname)%00%(upstream:short)%00%(objectname)%00%(upstream:track)%00%(upstream:remotename)%00%(upstream:remoteref) refs/heads/main refs/remotes/main [1ms]
2023-08-06 21:43:06.065 [info] > git status -z -uall [76ms]
2023-08-06 21:43:11.174 [info] > git config --get commit.template [12ms]
2023-08-06 21:43:11.174 [info] > git for-each-ref --format=%(refname)%00%(upstream:short)%00%(objectname)%00%(upstream:track)%00%(upstream:remotename)%00%(upstream:remoteref) refs/heads/main refs/remotes/main [1ms]
2023-08-06 21:43:11.253 [info] > git status -z -uall [70ms]
2023-08-06 21:43:18.195 [info] > git config --get commit.template [20ms]
2023-08-06 21:43:18.196 [info] > git for-each-ref --format=%(refname)%00%(upstream:short)%00%(objectname)%00%(upstream:track)%00%(upstream:remotename)%00%(upstream:remoteref) refs/heads/main refs/remotes/main [3ms]
2023-08-06 21:43:18.271 [info] > git status -z -uall [59ms]
2023-08-06 21:43:23.369 [info] > git config --get commit.template [2ms]
2023-08-06 21:43:23.381 [info] > git for-each-ref --format=%(refname)%00%(upstream:short)%00%(objectname)%00%(upstream:track)%00%(upstream:remotename)%00%(upstream:remoteref) refs/heads/main refs/remotes/main [1ms]
2023-08-06 21:43:23.437 [info] > git status -z -uall [47ms]
2023-08-06 21:43:28.545 [info] > git config --get commit.template [2ms]
2023-08-06 21:43:28.566 [info] > git for-each-ref --format=%(refname)%00%(upstream:short)%00%(objectname)%00%(upstream:track)%00%(upstream:remotename)%00%(upstream:remoteref) refs/heads/main refs/remotes/main [3ms]
2023-08-06 21:43:28.645 [info] > git status -z -uall [62ms]
2023-08-06 21:43:33.776 [info] > git config --get commit.template [22ms]
2023-08-06 21:43:33.777 [info] > git for-each-ref --format=%(refname)%00%(upstream:short)%00%(objectname)%00%(upstream:track)%00%(upstream:remotename)%00%(upstream:remoteref) refs/heads/main refs/remotes/main [2ms]
2023-08-06 21:43:33.846 [info] > git status -z -uall [57ms]
2023-08-06 21:43:40.775 [info] > git config --get commit.template [4ms]
2023-08-06 21:43:40.801 [info] > git for-each-ref --format=%(refname)%00%(upstream:short)%00%(objectname)%00%(upstream:track)%00%(upstream:remotename)%00%(upstream:remoteref) refs/heads/main refs/remotes/main [6ms]
2023-08-06 21:43:40.893 [info] > git status -z -uall [70ms]
2023-08-06 21:43:46.016 [info] > git config --get commit.template [16ms]
2023-08-06 21:43:46.017 [info] > git for-each-ref --format=%(refname)%00%(upstream:short)%00%(objectname)%00%(upstream:track)%00%(upstream:remotename)%00%(upstream:remoteref) refs/heads/main refs/remotes/main [3ms]
2023-08-06 21:43:46.086 [info] > git status -z -uall [56ms]
2023-08-06 21:43:51.217 [info] > git config --get commit.template [20ms]
2023-08-06 21:43:51.219 [info] > git for-each-ref --format=%(refname)%00%(upstream:short)%00%(objectname)%00%(upstream:track)%00%(upstream:remotename)%00%(upstream:remoteref) refs/heads/main refs/remotes/main [2ms]
2023-08-06 21:43:51.297 [info] > git status -z -uall [64ms]
2023-08-06 21:43:57.212 [info] > git config --get commit.template [2ms]
2023-08-06 21:43:57.234 [info] > git for-each-ref --format=%(refname)%00%(upstream:short)%00%(objectname)%00%(upstream:track)%00%(upstream:remotename)%00%(upstream:remoteref) refs/heads/main refs/remotes/main [4ms]
2023-08-06 21:43:57.310 [info] > git status -z -uall [65ms]
2023-08-06 21:44:02.419 [info] > git config --get commit.template [12ms]
2023-08-06 21:44:02.421 [info] > git for-each-ref --format=%(refname)%00%(upstream:short)%00%(objectname)%00%(upstream:track)%00%(upstream:remotename)%00%(upstream:remoteref) refs/heads/main refs/remotes/main [3ms]
2023-08-06 21:44:02.479 [info] > git status -z -uall [49ms]
2023-08-06 21:44:08.355 [info] > git config --get commit.template [1ms]
2023-08-06 21:44:08.366 [info] > git for-each-ref --format=%(refname)%00%(upstream:short)%00%(objectname)%00%(upstream:track)%00%(upstream:remotename)%00%(upstream:remoteref) refs/heads/main refs/remotes/main [2ms]
2023-08-06 21:44:08.430 [info] > git status -z -uall [54ms]
2023-08-06 21:44:13.561 [info] > git config --get commit.template [17ms]
2023-08-06 21:44:13.562 [info] > git for-each-ref --format=%(refname)%00%(upstream:short)%00%(objectname)%00%(upstream:track)%00%(upstream:remotename)%00%(upstream:remoteref) refs/heads/main refs/remotes/main [3ms]
2023-08-06 21:44:13.625 [info] > git status -z -uall [49ms]
2023-08-06 21:44:18.796 [info] > git config --get commit.template [2ms]
2023-08-06 21:44:18.807 [info] > git for-each-ref --format=%(refname)%00%(upstream:short)%00%(objectname)%00%(upstream:track)%00%(upstream:remotename)%00%(upstream:remoteref) refs/heads/main refs/remotes/main [1ms]
2023-08-06 21:44:18.862 [info] > git status -z -uall [47ms]
2023-08-06 21:44:48.389 [info] > git config --get commit.template [16ms]
2023-08-06 21:44:48.390 [info] > git for-each-ref --format=%(refname)%00%(upstream:short)%00%(objectname)%00%(upstream:track)%00%(upstream:remotename)%00%(upstream:remoteref) refs/heads/main refs/remotes/main [2ms]
2023-08-06 21:44:48.460 [info] > git status -z -uall [58ms]
2023-08-06 21:44:53.618 [info] > git config --get commit.template [2ms]
2023-08-06 21:44:53.629 [info] > git for-each-ref --format=%(refname)%00%(upstream:short)%00%(objectname)%00%(upstream:track)%00%(upstream:remotename)%00%(upstream:remoteref) refs/heads/main refs/remotes/main [2ms]
2023-08-06 21:44:53.688 [info] > git status -z -uall [50ms]
2023-08-06 21:44:58.813 [info] > git config --get commit.template [19ms]
2023-08-06 21:44:58.815 [info] > git for-each-ref --format=%(refname)%00%(upstream:short)%00%(objectname)%00%(upstream:track)%00%(upstream:remotename)%00%(upstream:remoteref) refs/heads/main refs/remotes/main [2ms]
2023-08-06 21:44:58.886 [info] > git status -z -uall [59ms]
2023-08-06 21:45:08.870 [info] > git for-each-ref --format=%(refname)%00%(upstream:short)%00%(objectname)%00%(upstream:track)%00%(upstream:remotename)%00%(upstream:remoteref) refs/heads/main refs/remotes/main [1ms]
2023-08-06 21:45:08.872 [info] > git config --get commit.template [22ms]
2023-08-06 21:45:08.944 [info] > git status -z -uall [59ms]
2023-08-06 21:45:14.075 [info] > git config --get commit.template [7ms]
2023-08-06 21:45:14.093 [info] > git for-each-ref --format=%(refname)%00%(upstream:short)%00%(objectname)%00%(upstream:track)%00%(upstream:remotename)%00%(upstream:remoteref) refs/heads/main refs/remotes/main [1ms]
2023-08-06 21:45:14.158 [info] > git status -z -uall [55ms]
2023-08-06 21:45:19.284 [info] > git config --get commit.template [29ms]
2023-08-06 21:45:19.285 [info] > git for-each-ref --format=%(refname)%00%(upstream:short)%00%(objectname)%00%(upstream:track)%00%(upstream:remotename)%00%(upstream:remoteref) refs/heads/main refs/remotes/main [3ms]
2023-08-06 21:45:19.353 [info] > git status -z -uall [54ms]
2023-08-06 21:45:24.448 [info] > git config --get commit.template [8ms]
2023-08-06 21:45:24.448 [info] > git for-each-ref --format=%(refname)%00%(upstream:short)%00%(objectname)%00%(upstream:track)%00%(upstream:remotename)%00%(upstream:remoteref) refs/heads/main refs/remotes/main [1ms]
2023-08-06 21:45:24.511 [info] > git status -z -uall [54ms]
2023-08-06 21:45:29.650 [info] > git config --get commit.template [23ms]
2023-08-06 21:45:29.651 [info] > git for-each-ref --format=%(refname)%00%(upstream:short)%00%(objectname)%00%(upstream:track)%00%(upstream:remotename)%00%(upstream:remoteref) refs/heads/main refs/remotes/main [2ms]
2023-08-06 21:45:29.716 [info] > git status -z -uall [53ms]
2023-08-06 21:45:47.589 [info] > git config --get commit.template [4ms]
2023-08-06 21:45:47.616 [info] > git for-each-ref --format=%(refname)%00%(upstream:short)%00%(objectname)%00%(upstream:track)%00%(upstream:remotename)%00%(upstream:remoteref) refs/heads/main refs/remotes/main [5ms]
2023-08-06 21:45:47.700 [info] > git status -z -uall [63ms]
2023-08-06 21:45:52.837 [info] > git config --get commit.template [23ms]
2023-08-06 21:45:52.839 [info] > git for-each-ref --format=%(refname)%00%(upstream:short)%00%(objectname)%00%(upstream:track)%00%(upstream:remotename)%00%(upstream:remoteref) refs/heads/main refs/remotes/main [3ms]
2023-08-06 21:45:52.923 [info] > git status -z -uall [66ms]
2023-08-06 21:45:58.029 [info] > git config --get commit.template [10ms]
2023-08-06 21:45:58.030 [info] > git for-each-ref --format=%(refname)%00%(upstream:short)%00%(objectname)%00%(upstream:track)%00%(upstream:remotename)%00%(upstream:remoteref) refs/heads/main refs/remotes/main [1ms]
2023-08-06 21:45:58.085 [info] > git status -z -uall [47ms]
2023-08-06 21:46:03.199 [info] > git config --get commit.template [6ms]
2023-08-06 21:46:03.219 [info] > git for-each-ref --format=%(refname)%00%(upstream:short)%00%(objectname)%00%(upstream:track)%00%(upstream:remotename)%00%(upstream:remoteref) refs/heads/main refs/remotes/main [3ms]
2023-08-06 21:46:03.287 [info] > git status -z -uall [55ms]
2023-08-06 21:46:08.390 [info] > git config --get commit.template [8ms]
2023-08-06 21:46:08.390 [info] > git for-each-ref --format=%(refname)%00%(upstream:short)%00%(objectname)%00%(upstream:track)%00%(upstream:remotename)%00%(upstream:remoteref) refs/heads/main refs/remotes/main [1ms]
2023-08-06 21:46:08.448 [info] > git status -z -uall [51ms]
2023-08-06 21:46:13.586 [info] > git config --get commit.template [23ms]
2023-08-06 21:46:13.588 [info] > git for-each-ref --format=%(refname)%00%(upstream:short)%00%(objectname)%00%(upstream:track)%00%(upstream:remotename)%00%(upstream:remoteref) refs/heads/main refs/remotes/main [4ms]
2023-08-06 21:46:13.676 [info] > git status -z -uall [74ms]
2023-08-06 21:46:30.579 [info] > git config --get commit.template [18ms]
2023-08-06 21:46:30.580 [info] > git for-each-ref --format=%(refname)%00%(upstream:short)%00%(objectname)%00%(upstream:track)%00%(upstream:remotename)%00%(upstream:remoteref) refs/heads/main refs/remotes/main [3ms]
2023-08-06 21:46:30.647 [info] > git status -z -uall [54ms]
2023-08-06 21:46:35.797 [info] > git config --get commit.template [24ms]
2023-08-06 21:46:35.798 [info] > git for-each-ref --format=%(refname)%00%(upstream:short)%00%(objectname)%00%(upstream:track)%00%(upstream:remotename)%00%(upstream:remoteref) refs/heads/main refs/remotes/main [4ms]
2023-08-06 21:46:35.886 [info] > git status -z -uall [68ms]
2023-08-06 21:46:40.999 [info] > git config --get commit.template [9ms]
2023-08-06 21:46:41.000 [info] > git for-each-ref --format=%(refname)%00%(upstream:short)%00%(objectname)%00%(upstream:track)%00%(upstream:remotename)%00%(upstream:remoteref) refs/heads/main refs/remotes/main [2ms]
2023-08-06 21:46:41.074 [info] > git status -z -uall [65ms]
2023-08-06 21:46:46.218 [info] > git config --get commit.template [19ms]
2023-08-06 21:46:46.220 [info] > git for-each-ref --format=%(refname)%00%(upstream:short)%00%(objectname)%00%(upstream:track)%00%(upstream:remotename)%00%(upstream:remoteref) refs/heads/main refs/remotes/main [2ms]
2023-08-06 21:46:46.318 [info] > git status -z -uall [84ms]
2023-08-06 21:47:08.105 [info] > git config --get commit.template [15ms]
2023-08-06 21:47:08.106 [info] > git for-each-ref --format=%(refname)%00%(upstream:short)%00%(objectname)%00%(upstream:track)%00%(upstream:remotename)%00%(upstream:remoteref) refs/heads/main refs/remotes/main [2ms]
2023-08-06 21:47:08.173 [info] > git status -z -uall [57ms]
2023-08-06 21:47:13.326 [info] > git config --get commit.template [21ms]
2023-08-06 21:47:13.327 [info] > git for-each-ref --format=%(refname)%00%(upstream:short)%00%(objectname)%00%(upstream:track)%00%(upstream:remotename)%00%(upstream:remoteref) refs/heads/main refs/remotes/main [2ms]
2023-08-06 21:47:13.393 [info] > git status -z -uall [55ms]
2023-08-06 21:47:26.427 [info] > git config --get commit.template [18ms]
2023-08-06 21:47:26.428 [info] > git for-each-ref --format=%(refname)%00%(upstream:short)%00%(objectname)%00%(upstream:track)%00%(upstream:remotename)%00%(upstream:remoteref) refs/heads/main refs/remotes/main [2ms]
2023-08-06 21:47:26.499 [info] > git status -z -uall [55ms]
2023-08-06 21:47:31.623 [info] > git config --get commit.template [9ms]
2023-08-06 21:47:31.624 [info] > git for-each-ref --format=%(refname)%00%(upstream:short)%00%(objectname)%00%(upstream:track)%00%(upstream:remotename)%00%(upstream:remoteref) refs/heads/main refs/remotes/main [1ms]
2023-08-06 21:47:31.682 [info] > git status -z -uall [51ms]
2023-08-06 21:47:36.789 [info] > git config --get commit.template [2ms]
2023-08-06 21:47:36.798 [info] > git for-each-ref --format=%(refname)%00%(upstream:short)%00%(objectname)%00%(upstream:track)%00%(upstream:remotename)%00%(upstream:remoteref) refs/heads/main refs/remotes/main [1ms]
2023-08-06 21:47:36.867 [info] > git status -z -uall [58ms]
2023-08-06 21:47:41.990 [info] > git config --get commit.template [11ms]
2023-08-06 21:47:41.991 [info] > git for-each-ref --format=%(refname)%00%(upstream:short)%00%(objectname)%00%(upstream:track)%00%(upstream:remotename)%00%(upstream:remoteref) refs/heads/main refs/remotes/main [1ms]
2023-08-06 21:47:42.058 [info] > git status -z -uall [58ms]
2023-08-06 21:48:00.287 [info] > git config --get commit.template [2ms]
2023-08-06 21:48:00.309 [info] > git for-each-ref --format=%(refname)%00%(upstream:short)%00%(objectname)%00%(upstream:track)%00%(upstream:remotename)%00%(upstream:remoteref) refs/heads/main refs/remotes/main [2ms]
2023-08-06 21:48:00.387 [info] > git status -z -uall [65ms]
2023-08-06 21:48:05.510 [info] > git config --get commit.template [10ms]
2023-08-06 21:48:05.511 [info] > git for-each-ref --format=%(refname)%00%(upstream:short)%00%(objectname)%00%(upstream:track)%00%(upstream:remotename)%00%(upstream:remoteref) refs/heads/main refs/remotes/main [2ms]
2023-08-06 21:48:05.574 [info] > git status -z -uall [54ms]
2023-08-06 21:48:10.687 [info] > git config --get commit.template [8ms]
2023-08-06 21:48:10.687 [info] > git for-each-ref --format=%(refname)%00%(upstream:short)%00%(objectname)%00%(upstream:track)%00%(upstream:remotename)%00%(upstream:remoteref) refs/heads/main refs/remotes/main [1ms]
2023-08-06 21:48:10.716 [info] > git check-ignore -v -z --stdin [2ms]
2023-08-06 21:48:10.746 [info] > git status -z -uall [52ms]
2023-08-06 21:48:12.114 [info] > git check-ignore -v -z --stdin [2ms]
2023-08-06 21:48:15.878 [info] > git config --get commit.template [14ms]
2023-08-06 21:48:15.879 [info] > git for-each-ref --format=%(refname)%00%(upstream:short)%00%(objectname)%00%(upstream:track)%00%(upstream:remotename)%00%(upstream:remoteref) refs/heads/main refs/remotes/main [2ms]
2023-08-06 21:48:15.951 [info] > git status -z -uall [60ms]
2023-08-06 21:48:21.056 [info] > git config --get commit.template [9ms]
2023-08-06 21:48:21.056 [info] > git for-each-ref --format=%(refname)%00%(upstream:short)%00%(objectname)%00%(upstream:track)%00%(upstream:remotename)%00%(upstream:remoteref) refs/heads/main refs/remotes/main [1ms]
2023-08-06 21:48:21.111 [info] > git status -z -uall [47ms]
2023-08-06 21:48:37.904 [info] > git config --get commit.template [13ms]
2023-08-06 21:48:37.907 [info] > git for-each-ref --format=%(refname)%00%(upstream:short)%00%(objectname)%00%(upstream:track)%00%(upstream:remotename)%00%(upstream:remoteref) refs/heads/main refs/remotes/main [3ms]
2023-08-06 21:48:37.982 [info] > git status -z -uall [64ms]
2023-08-06 21:48:43.150 [info] > git config --get commit.template [25ms]
2023-08-06 21:48:43.151 [info] > git for-each-ref --format=%(refname)%00%(upstream:short)%00%(objectname)%00%(upstream:track)%00%(upstream:remotename)%00%(upstream:remoteref) refs/heads/main refs/remotes/main [3ms]
2023-08-06 21:48:43.215 [info] > git status -z -uall [52ms]
2023-08-06 21:48:48.344 [info] > git config --get commit.template [24ms]
2023-08-06 21:48:48.347 [info] > git for-each-ref --format=%(refname)%00%(upstream:short)%00%(objectname)%00%(upstream:track)%00%(upstream:remotename)%00%(upstream:remoteref) refs/heads/main refs/remotes/main [4ms]
2023-08-06 21:48:48.420 [info] > git status -z -uall [57ms]
2023-08-06 21:48:53.550 [info] > git config --get commit.template [16ms]
2023-08-06 21:48:53.551 [info] > git for-each-ref --format=%(refname)%00%(upstream:short)%00%(objectname)%00%(upstream:track)%00%(upstream:remotename)%00%(upstream:remoteref) refs/heads/main refs/remotes/main [2ms]
2023-08-06 21:48:53.650 [info] > git status -z -uall [84ms]
2023-08-06 21:49:02.150 [info] > git config --get commit.template [20ms]
2023-08-06 21:49:02.151 [info] > git for-each-ref --format=%(refname)%00%(upstream:short)%00%(objectname)%00%(upstream:track)%00%(upstream:remotename)%00%(upstream:remoteref) refs/heads/main refs/remotes/main [3ms]
2023-08-06 21:49:02.224 [info] > git status -z -uall [60ms]
2023-08-06 21:49:07.368 [info] > git config --get commit.template [16ms]
2023-08-06 21:49:07.369 [info] > git for-each-ref --format=%(refname)%00%(upstream:short)%00%(objectname)%00%(upstream:track)%00%(upstream:remotename)%00%(upstream:remoteref) refs/heads/main refs/remotes/main [3ms]
2023-08-06 21:49:07.443 [info] > git status -z -uall [60ms]
2023-08-06 21:49:12.537 [info] > git config --get commit.template [1ms]
2023-08-06 21:49:12.548 [info] > git for-each-ref --format=%(refname)%00%(upstream:short)%00%(objectname)%00%(upstream:track)%00%(upstream:remotename)%00%(upstream:remoteref) refs/heads/main refs/remotes/main [4ms]
2023-08-06 21:49:12.656 [info] > git status -z -uall [85ms]
2023-08-06 21:49:18.499 [info] > git config --get commit.template [2ms]
2023-08-06 21:49:18.511 [info] > git for-each-ref --format=%(refname)%00%(upstream:short)%00%(objectname)%00%(upstream:track)%00%(upstream:remotename)%00%(upstream:remoteref) refs/heads/main refs/remotes/main [2ms]
2023-08-06 21:49:18.569 [info] > git status -z -uall [48ms]
2023-08-06 21:49:19.988 [info] > git check-ignore -v -z --stdin [4ms]
2023-08-06 21:49:21.885 [info] > git check-ignore -v -z --stdin [3ms]
2023-08-06 21:49:22.780 [info] > git check-ignore -v -z --stdin [3ms]
2023-08-06 21:49:23.706 [info] > git config --get commit.template [26ms]
2023-08-06 21:49:23.707 [info] > git for-each-ref --format=%(refname)%00%(upstream:short)%00%(objectname)%00%(upstream:track)%00%(upstream:remotename)%00%(upstream:remoteref) refs/heads/main refs/remotes/main [3ms]
2023-08-06 21:49:23.772 [info] > git status -z -uall [51ms]
2023-08-06 21:49:25.113 [info] > git check-ignore -v -z --stdin [2ms]
2023-08-06 21:49:25.695 [info] > git show --textconv :.git/info/exclude [14ms]
2023-08-06 21:49:25.697 [info] > git ls-files --stage -- /home/wesleyl/.git/info/exclude [3ms]
2023-08-06 21:49:28.892 [info] > git config --get commit.template [18ms]
2023-08-06 21:49:28.893 [info] > git for-each-ref --format=%(refname)%00%(upstream:short)%00%(objectname)%00%(upstream:track)%00%(upstream:remotename)%00%(upstream:remoteref) refs/heads/main refs/remotes/main [2ms]
2023-08-06 21:49:28.947 [info] > git status -z -uall [43ms]
2023-08-06 21:49:34.057 [info] > git config --get commit.template [12ms]
2023-08-06 21:49:34.057 [info] > git for-each-ref --format=%(refname)%00%(upstream:short)%00%(objectname)%00%(upstream:track)%00%(upstream:remotename)%00%(upstream:remoteref) refs/heads/main refs/remotes/main [1ms]
2023-08-06 21:49:34.122 [info] > git status -z -uall [57ms]
2023-08-06 21:49:39.903 [info] > git config --get commit.template [1ms]
2023-08-06 21:49:39.914 [info] > git for-each-ref --format=%(refname)%00%(upstream:short)%00%(objectname)%00%(upstream:track)%00%(upstream:remotename)%00%(upstream:remoteref) refs/heads/main refs/remotes/main [1ms]
2023-08-06 21:49:39.992 [info] > git status -z -uall [67ms]
2023-08-06 21:49:45.152 [info] > git config --get commit.template [20ms]
2023-08-06 21:49:45.153 [info] > git for-each-ref --format=%(refname)%00%(upstream:short)%00%(objectname)%00%(upstream:track)%00%(upstream:remotename)%00%(upstream:remoteref) refs/heads/main refs/remotes/main [3ms]
2023-08-06 21:49:45.222 [info] > git status -z -uall [55ms]
2023-08-06 21:49:46.598 [info] > git show --textconv :.gitignore [10ms]
2023-08-06 21:49:46.599 [info] > git ls-files --stage -- /home/wesleyl/.gitignore [2ms]
2023-08-06 21:49:46.860 [info] > git check-ignore -v -z --stdin [4ms]
2023-08-06 21:49:50.358 [info] > git config --get commit.template [30ms]
2023-08-06 21:49:50.360 [info] > git for-each-ref --format=%(refname)%00%(upstream:short)%00%(objectname)%00%(upstream:track)%00%(upstream:remotename)%00%(upstream:remoteref) refs/heads/main refs/remotes/main [5ms]
2023-08-06 21:49:50.457 [info] > git status -z -uall [77ms]
2023-08-06 21:49:55.613 [info] > git config --get commit.template [25ms]
2023-08-06 21:49:55.614 [info] > git for-each-ref --format=%(refname)%00%(upstream:short)%00%(objectname)%00%(upstream:track)%00%(upstream:remotename)%00%(upstream:remoteref) refs/heads/main refs/remotes/main [2ms]
2023-08-06 21:49:55.683 [info] > git status -z -uall [56ms]
2023-08-06 21:49:58.866 [info] > git check-ignore -v -z --stdin [8ms]
2023-08-06 21:50:01.745 [info] > git config --get commit.template [4ms]
2023-08-06 21:50:01.761 [info] > git for-each-ref --format=%(refname)%00%(upstream:short)%00%(objectname)%00%(upstream:track)%00%(upstream:remotename)%00%(upstream:remoteref) refs/heads/main refs/remotes/main [2ms]
2023-08-06 21:50:01.780 [info] > git status -z -uall [6ms]
2023-08-06 21:50:04.465 [info] > git check-ignore -v -z --stdin [7ms]
2023-08-06 21:50:05.758 [info] > git show --textconv HEAD:.local/state/mume/mermaid_config.js [79ms]
2023-08-06 21:50:05.763 [info] > git ls-tree -l HEAD -- /home/wesleyl/.local/state/mume/mermaid_config.js [70ms]
2023-08-06 21:50:06.210 [info] > git check-ignore -v -z --stdin [2ms]
2023-08-06 21:50:06.829 [info] > git config --get commit.template [13ms]
2023-08-06 21:50:06.830 [info] > git for-each-ref --format=%(refname)%00%(upstream:short)%00%(objectname)%00%(upstream:track)%00%(upstream:remotename)%00%(upstream:remoteref) refs/heads/main refs/remotes/main [2ms]
2023-08-06 21:50:06.850 [info] > git status -z -uall [7ms]
2023-08-06 21:50:11.875 [info] > git config --get commit.template [12ms]
2023-08-06 21:50:11.876 [info] > git for-each-ref --format=%(refname)%00%(upstream:short)%00%(objectname)%00%(upstream:track)%00%(upstream:remotename)%00%(upstream:remoteref) refs/heads/main refs/remotes/main [2ms]
2023-08-06 21:50:11.897 [info] > git status -z -uall [6ms]
2023-08-06 21:50:12.576 [info] > git check-ignore -v -z --stdin [8ms]
2023-08-06 21:50:16.937 [info] > git config --get commit.template [18ms]
2023-08-06 21:50:16.938 [info] > git for-each-ref --format=%(refname)%00%(upstream:short)%00%(objectname)%00%(upstream:track)%00%(upstream:remotename)%00%(upstream:remoteref) refs/heads/main refs/remotes/main [2ms]
2023-08-06 21:50:16.969 [info] > git status -z -uall [17ms]
2023-08-06 21:50:21.994 [info] > git config --get commit.template [11ms]
2023-08-06 21:50:21.995 [info] > git for-each-ref --format=%(refname)%00%(upstream:short)%00%(objectname)%00%(upstream:track)%00%(upstream:remotename)%00%(upstream:remoteref) refs/heads/main refs/remotes/main [1ms]
2023-08-06 21:50:22.011 [info] > git status -z -uall [6ms]
2023-08-06 21:50:27.045 [info] > git config --get commit.template [22ms]
2023-08-06 21:50:27.046 [info] > git for-each-ref --format=%(refname)%00%(upstream:short)%00%(objectname)%00%(upstream:track)%00%(upstream:remotename)%00%(upstream:remoteref) refs/heads/main refs/remotes/main [5ms]
2023-08-06 21:50:27.068 [info] > git status -z -uall [8ms]
2023-08-06 21:50:32.120 [info] > git config --get commit.template [26ms]
2023-08-06 21:50:32.121 [info] > git for-each-ref --format=%(refname)%00%(upstream:short)%00%(objectname)%00%(upstream:track)%00%(upstream:remotename)%00%(upstream:remoteref) refs/heads/main refs/remotes/main [5ms]
2023-08-06 21:50:32.139 [info] > git status -z -uall [10ms]
2023-08-06 21:50:37.186 [info] > git config --get commit.template [20ms]
2023-08-06 21:50:37.188 [info] > git for-each-ref --format=%(refname)%00%(upstream:short)%00%(objectname)%00%(upstream:track)%00%(upstream:remotename)%00%(upstream:remoteref) refs/heads/main refs/remotes/main [4ms]
2023-08-06 21:50:37.209 [info] > git status -z -uall [10ms]
2023-08-06 21:50:42.247 [info] > git config --get commit.template [13ms]
2023-08-06 21:50:42.249 [info] > git for-each-ref --format=%(refname)%00%(upstream:short)%00%(objectname)%00%(upstream:track)%00%(upstream:remotename)%00%(upstream:remoteref) refs/heads/main refs/remotes/main [4ms]
2023-08-06 21:50:42.266 [info] > git status -z -uall [6ms]
2023-08-06 21:50:47.288 [info] > git config --get commit.template [9ms]
2023-08-06 21:50:47.289 [info] > git for-each-ref --format=%(refname)%00%(upstream:short)%00%(objectname)%00%(upstream:track)%00%(upstream:remotename)%00%(upstream:remoteref) refs/heads/main refs/remotes/main [2ms]
2023-08-06 21:50:47.302 [info] > git status -z -uall [7ms]
