2023-08-06 20:59:26.561 [info] Extension host with pid 8757 started
2023-08-06 20:59:26.587 [info] Lock '/home/wesleyl/.vscode-server/data/User/workspaceStorage/994b2212622a3fcb2f7585eb3224d31f/vscode.lock': Lock acquired.
2023-08-06 20:59:26.970 [info] ExtensionService#_doActivateExtension vscode.git-base, startup: true, activationEvent: '*'
2023-08-06 20:59:27.063 [info] ExtensionService#_doActivateExtension vscode.github, startup: true, activationEvent: '*'
2023-08-06 20:59:27.152 [info] Eager extensions activated
2023-08-06 20:59:27.153 [info] ExtensionService#_doActivateExtension vscode.debug-auto-launch, startup: false, activationEvent: 'onStartupFinished'
2023-08-06 20:59:27.153 [info] ExtensionService#_doActivateExtension vscode.merge-conflict, startup: false, activationEvent: 'onStartupFinished'
2023-08-06 20:59:29.330 [info] ExtensionService#_doActivateExtension vscode.git, startup: false, activationEvent: 'api', root cause: vscode.github
2023-08-06 21:08:47.844 [info] ExtensionService#_doActivateExtension vscode.emmet, startup: false, activationEvent: 'onLanguage'
2023-08-06 21:10:06.471 [warning] [Decorations] CAPPING events from decorations provider vscode.git 1320
2023-08-06 21:10:06.547 [warning] [Decorations] CAPPING events from decorations provider vscode.git 1320
2023-08-06 21:10:10.316 [warning] [Decorations] CAPPING events from decorations provider vscode.git 1320
2023-08-06 21:10:15.365 [warning] [Decorations] CAPPING events from decorations provider vscode.git 1320
2023-08-06 21:10:20.449 [warning] [Decorations] CAPPING events from decorations provider vscode.git 1320
2023-08-06 21:10:23.427 [info] ExtensionService#_doActivateExtension vscode.npm, startup: false, activationEvent: 'onTerminalQuickFixRequest:ms-vscode.npm-command'
2023-08-06 21:10:25.538 [warning] [Decorations] CAPPING events from decorations provider vscode.git 1320
2023-08-06 21:10:30.627 [warning] [Decorations] CAPPING events from decorations provider vscode.git 1320
2023-08-06 21:10:35.710 [warning] [Decorations] CAPPING events from decorations provider vscode.git 1320
2023-08-06 21:10:40.775 [warning] [Decorations] CAPPING events from decorations provider vscode.git 1320
2023-08-06 21:10:45.873 [warning] [Decorations] CAPPING events from decorations provider vscode.git 1321
2023-08-06 21:10:50.952 [warning] [Decorations] CAPPING events from decorations provider vscode.git 1321
2023-08-06 21:10:56.055 [warning] [Decorations] CAPPING events from decorations provider vscode.git 1321
2023-08-06 21:11:01.122 [warning] [Decorations] CAPPING events from decorations provider vscode.git 1321
2023-08-06 21:11:16.772 [warning] [Decorations] CAPPING events from decorations provider vscode.git 1321
2023-08-06 21:11:21.863 [warning] [Decorations] CAPPING events from decorations provider vscode.git 1321
2023-08-06 21:11:27.515 [warning] [Decorations] CAPPING events from decorations provider vscode.git 1321
2023-08-06 21:11:58.858 [info] ExtensionService#_doActivateExtension vscode.extension-editing, startup: false, activationEvent: 'onLanguage:markdown'
2023-08-06 21:11:58.859 [info] ExtensionService#_doActivateExtension vscode.markdown-language-features, startup: false, activationEvent: 'onLanguage:markdown'
2023-08-06 21:11:59.447 [info] ExtensionService#_doActivateExtension vscode.markdown-math, startup: false, activationEvent: 'api', root cause: vscode.markdown-language-features
2023-08-06 21:35:00.839 [warning] [Decorations] CAPPING events from decorations provider vscode.git 3263
2023-08-06 21:35:05.587 [info] ExtensionService#_doActivateExtension shd101wyy.markdown-preview-enhanced, startup: false, activationEvent: 'onLanguage:markdown'
2023-08-06 21:35:08.861 [warning] [Decorations] CAPPING events from decorations provider vscode.git 10080
2023-08-06 21:35:14.057 [warning] [Decorations] CAPPING events from decorations provider vscode.git 6831
2023-08-06 21:35:19.264 [warning] [Decorations] CAPPING events from decorations provider vscode.git 6831
2023-08-06 21:35:24.470 [warning] [Decorations] CAPPING events from decorations provider vscode.git 6831
2023-08-06 21:35:29.711 [warning] [Decorations] CAPPING events from decorations provider vscode.git 6831
2023-08-06 21:35:34.899 [warning] [Decorations] CAPPING events from decorations provider vscode.git 6831
2023-08-06 21:35:40.101 [warning] [Decorations] CAPPING events from decorations provider vscode.git 6831
2023-08-06 21:35:45.280 [warning] [Decorations] CAPPING events from decorations provider vscode.git 6831
2023-08-06 21:35:50.478 [warning] [Decorations] CAPPING events from decorations provider vscode.git 6831
2023-08-06 21:35:55.695 [warning] [Decorations] CAPPING events from decorations provider vscode.git 6831
2023-08-06 21:36:00.861 [warning] [Decorations] CAPPING events from decorations provider vscode.git 6831
2023-08-06 21:36:06.091 [warning] [Decorations] CAPPING events from decorations provider vscode.git 6831
2023-08-06 21:36:11.333 [warning] [Decorations] CAPPING events from decorations provider vscode.git 6832
2023-08-06 21:36:16.527 [warning] [Decorations] CAPPING events from decorations provider vscode.git 6832
2023-08-06 21:36:21.718 [warning] [Decorations] CAPPING events from decorations provider vscode.git 6832
2023-08-06 21:36:26.927 [warning] [Decorations] CAPPING events from decorations provider vscode.git 6832
2023-08-06 21:36:32.914 [warning] [Decorations] CAPPING events from decorations provider vscode.git 6832
2023-08-06 21:36:38.093 [warning] [Decorations] CAPPING events from decorations provider vscode.git 6833
2023-08-06 21:36:43.305 [warning] [Decorations] CAPPING events from decorations provider vscode.git 6833
2023-08-06 21:36:49.253 [warning] [Decorations] CAPPING events from decorations provider vscode.git 6833
2023-08-06 21:36:54.417 [warning] [Decorations] CAPPING events from decorations provider vscode.git 6833
2023-08-06 21:36:59.620 [warning] [Decorations] CAPPING events from decorations provider vscode.git 6833
2023-08-06 21:37:04.826 [warning] [Decorations] CAPPING events from decorations provider vscode.git 6833
2023-08-06 21:37:09.995 [warning] [Decorations] CAPPING events from decorations provider vscode.git 6833
2023-08-06 21:37:15.176 [warning] [Decorations] CAPPING events from decorations provider vscode.git 6833
2023-08-06 21:38:07.614 [warning] [Decorations] CAPPING events from decorations provider vscode.git 6834
2023-08-06 21:38:12.781 [warning] [Decorations] CAPPING events from decorations provider vscode.git 6834
2023-08-06 21:38:18.001 [warning] [Decorations] CAPPING events from decorations provider vscode.git 6835
2023-08-06 21:38:23.205 [warning] [Decorations] CAPPING events from decorations provider vscode.git 6835
2023-08-06 21:38:28.387 [warning] [Decorations] CAPPING events from decorations provider vscode.git 6835
2023-08-06 21:38:33.587 [warning] [Decorations] CAPPING events from decorations provider vscode.git 6835
2023-08-06 21:38:38.770 [warning] [Decorations] CAPPING events from decorations provider vscode.git 6835
2023-08-06 21:38:43.928 [warning] [Decorations] CAPPING events from decorations provider vscode.git 6836
2023-08-06 21:38:49.116 [warning] [Decorations] CAPPING events from decorations provider vscode.git 6836
2023-08-06 21:38:54.319 [warning] [Decorations] CAPPING events from decorations provider vscode.git 6836
2023-08-06 21:39:00.305 [warning] [Decorations] CAPPING events from decorations provider vscode.git 6836
2023-08-06 21:39:05.503 [warning] [Decorations] CAPPING events from decorations provider vscode.git 6836
2023-08-06 21:39:10.674 [warning] [Decorations] CAPPING events from decorations provider vscode.git 6837
2023-08-06 21:39:15.838 [warning] [Decorations] CAPPING events from decorations provider vscode.git 6837
2023-08-06 21:39:21.076 [warning] [Decorations] CAPPING events from decorations provider vscode.git 6837
2023-08-06 21:39:26.920 [warning] [Decorations] CAPPING events from decorations provider vscode.git 6837
2023-08-06 21:39:32.114 [warning] [Decorations] CAPPING events from decorations provider vscode.git 6837
2023-08-06 21:41:34.864 [warning] [Decorations] CAPPING events from decorations provider vscode.git 6837
2023-08-06 21:41:40.062 [warning] [Decorations] CAPPING events from decorations provider vscode.git 6837
2023-08-06 21:41:45.261 [warning] [Decorations] CAPPING events from decorations provider vscode.git 6838
2023-08-06 21:41:50.472 [warning] [Decorations] CAPPING events from decorations provider vscode.git 6838
2023-08-06 21:42:33.266 [warning] [Decorations] CAPPING events from decorations provider vscode.git 6838
2023-08-06 21:42:38.431 [warning] [Decorations] CAPPING events from decorations provider vscode.git 6839
2023-08-06 21:42:43.621 [warning] [Decorations] CAPPING events from decorations provider vscode.git 6839
2023-08-06 21:42:48.821 [warning] [Decorations] CAPPING events from decorations provider vscode.git 6840
2023-08-06 21:42:53.994 [warning] [Decorations] CAPPING events from decorations provider vscode.git 6840
2023-08-06 21:43:00.945 [warning] [Decorations] CAPPING events from decorations provider vscode.git 6840
2023-08-06 21:43:06.143 [warning] [Decorations] CAPPING events from decorations provider vscode.git 6840
2023-08-06 21:43:11.335 [warning] [Decorations] CAPPING events from decorations provider vscode.git 6840
2023-08-06 21:43:18.346 [warning] [Decorations] CAPPING events from decorations provider vscode.git 6840
2023-08-06 21:43:23.507 [warning] [Decorations] CAPPING events from decorations provider vscode.git 6840
2023-08-06 21:43:28.720 [warning] [Decorations] CAPPING events from decorations provider vscode.git 6840
2023-08-06 21:43:33.915 [warning] [Decorations] CAPPING events from decorations provider vscode.git 6841
2023-08-06 21:43:40.965 [warning] [Decorations] CAPPING events from decorations provider vscode.git 6841
2023-08-06 21:43:46.159 [warning] [Decorations] CAPPING events from decorations provider vscode.git 6841
2023-08-06 21:43:51.367 [warning] [Decorations] CAPPING events from decorations provider vscode.git 6841
2023-08-06 21:43:57.385 [warning] [Decorations] CAPPING events from decorations provider vscode.git 6841
2023-08-06 21:44:02.552 [warning] [Decorations] CAPPING events from decorations provider vscode.git 6841
2023-08-06 21:44:08.506 [warning] [Decorations] CAPPING events from decorations provider vscode.git 6841
2023-08-06 21:44:13.765 [warning] [Decorations] CAPPING events from decorations provider vscode.git 6841
2023-08-06 21:44:18.936 [warning] [Decorations] CAPPING events from decorations provider vscode.git 6841
2023-08-06 21:44:48.594 [warning] [Decorations] CAPPING events from decorations provider vscode.git 6842
2023-08-06 21:44:53.760 [warning] [Decorations] CAPPING events from decorations provider vscode.git 6843
2023-08-06 21:44:58.965 [warning] [Decorations] CAPPING events from decorations provider vscode.git 6843
2023-08-06 21:45:09.029 [warning] [Decorations] CAPPING events from decorations provider vscode.git 6843
2023-08-06 21:45:14.236 [warning] [Decorations] CAPPING events from decorations provider vscode.git 6844
2023-08-06 21:45:19.421 [warning] [Decorations] CAPPING events from decorations provider vscode.git 6844
2023-08-06 21:45:24.590 [warning] [Decorations] CAPPING events from decorations provider vscode.git 6844
2023-08-06 21:45:29.797 [warning] [Decorations] CAPPING events from decorations provider vscode.git 6845
2023-08-06 21:45:47.774 [warning] [Decorations] CAPPING events from decorations provider vscode.git 6845
2023-08-06 21:45:52.996 [warning] [Decorations] CAPPING events from decorations provider vscode.git 6845
2023-08-06 21:45:58.155 [warning] [Decorations] CAPPING events from decorations provider vscode.git 6846
2023-08-06 21:46:03.360 [warning] [Decorations] CAPPING events from decorations provider vscode.git 6846
2023-08-06 21:46:08.525 [warning] [Decorations] CAPPING events from decorations provider vscode.git 6846
2023-08-06 21:46:13.753 [warning] [Decorations] CAPPING events from decorations provider vscode.git 6846
2023-08-06 21:46:30.739 [warning] [Decorations] CAPPING events from decorations provider vscode.git 6846
2023-08-06 21:46:35.970 [warning] [Decorations] CAPPING events from decorations provider vscode.git 6847
2023-08-06 21:46:41.172 [warning] [Decorations] CAPPING events from decorations provider vscode.git 6847
2023-08-06 21:46:46.397 [warning] [Decorations] CAPPING events from decorations provider vscode.git 6847
2023-08-06 21:47:08.270 [warning] [Decorations] CAPPING events from decorations provider vscode.git 6847
2023-08-06 21:47:13.475 [warning] [Decorations] CAPPING events from decorations provider vscode.git 6848
2023-08-06 21:47:26.590 [warning] [Decorations] CAPPING events from decorations provider vscode.git 6848
2023-08-06 21:47:31.763 [warning] [Decorations] CAPPING events from decorations provider vscode.git 6848
2023-08-06 21:47:36.959 [warning] [Decorations] CAPPING events from decorations provider vscode.git 6849
2023-08-06 21:47:42.146 [warning] [Decorations] CAPPING events from decorations provider vscode.git 6849
2023-08-06 21:48:00.480 [warning] [Decorations] CAPPING events from decorations provider vscode.git 6849
2023-08-06 21:48:05.659 [warning] [Decorations] CAPPING events from decorations provider vscode.git 6849
2023-08-06 21:48:10.830 [warning] [Decorations] CAPPING events from decorations provider vscode.git 6849
2023-08-06 21:48:16.028 [warning] [Decorations] CAPPING events from decorations provider vscode.git 6849
2023-08-06 21:48:21.262 [warning] [Decorations] CAPPING events from decorations provider vscode.git 6849
2023-08-06 21:48:38.090 [warning] [Decorations] CAPPING events from decorations provider vscode.git 6849
2023-08-06 21:48:43.286 [warning] [Decorations] CAPPING events from decorations provider vscode.git 6849
2023-08-06 21:48:48.495 [warning] [Decorations] CAPPING events from decorations provider vscode.git 6849
2023-08-06 21:48:53.758 [warning] [Decorations] CAPPING events from decorations provider vscode.git 6849
2023-08-06 21:49:02.317 [warning] [Decorations] CAPPING events from decorations provider vscode.git 6849
2023-08-06 21:49:07.518 [warning] [Decorations] CAPPING events from decorations provider vscode.git 6849
2023-08-06 21:49:12.727 [warning] [Decorations] CAPPING events from decorations provider vscode.git 6849
2023-08-06 21:49:18.642 [warning] [Decorations] CAPPING events from decorations provider vscode.git 6849
2023-08-06 21:49:23.843 [warning] [Decorations] CAPPING events from decorations provider vscode.git 6849
2023-08-06 21:49:29.027 [warning] [Decorations] CAPPING events from decorations provider vscode.git 6849
2023-08-06 21:49:34.208 [warning] [Decorations] CAPPING events from decorations provider vscode.git 6849
2023-08-06 21:49:40.092 [warning] [Decorations] CAPPING events from decorations provider vscode.git 6849
2023-08-06 21:49:45.308 [warning] [Decorations] CAPPING events from decorations provider vscode.git 6849
2023-08-06 21:49:50.547 [warning] [Decorations] CAPPING events from decorations provider vscode.git 6850
2023-08-06 21:49:55.778 [warning] [Decorations] CAPPING events from decorations provider vscode.git 6850
2023-08-06 21:50:01.793 [warning] [Decorations] CAPPING events from decorations provider vscode.git 6850
2023-08-06 21:50:05.695 [info] ExtensionService#_doActivateExtension vscode.typescript-language-features, startup: false, activationEvent: 'onLanguage:javascript'
